/*
 *  CMSIS Pack Debug Access Sequence Log
 *  File        : C:\Users\ische\Desktop\STM32F4_Template\Src_template\Project\STM32F4_Sequences_0006.log
 *  Created     : 14:17:33 (23/06/2023)
 *  Device      : STM32F407ZG
 *  PDSC File   : C:\Users\ische\AppData\Local\Arm\Packs\Keil\STM32F4xx_DFP\2.17.0\Keil.STM32F4xx_DFP.pdsc
 *  Config File : C:\Users\ische\Desktop\STM32F4_Template\Src_template\Project\DebugConfig\STM32F4_STM32F407ZG.dbgconf
 *
 */

[14:17:33.272]  **********  Sequence "DebugDeviceUnlock"  (Context="Connect", Pname="", info="")
[14:17:33.272]  
[14:17:33.282]  <debugvars>
[14:17:33.282]    // Pre-defined
[14:17:33.282]    __protocol=0x00010002      (Protocol="SWD", SWJ-DP="True")
[14:17:33.282]    __connection=0x00000202    (Connection Type="Flash", Reset Type="System Reset")
[14:17:33.282]    __dp=0x00000000
[14:17:33.282]    __ap=0x00000000
[14:17:33.282]    __traceout=0x00000000      (Trace Disabled)
[14:17:33.282]    __errorcontrol=0x00000000  (Skip Errors="False")
[14:17:33.284]    __FlashAddr=0x00000000
[14:17:33.284]    __FlashLen=0x00000000
[14:17:33.284]    __FlashArg=0x00000000
[14:17:33.284]    __FlashOp=0x00000000
[14:17:33.284]    __Result=0x00000000
[14:17:33.284]    
[14:17:33.284]    // User-defined
[14:17:33.284]    DbgMCU_CR=0x00000007
[14:17:33.284]    DbgMCU_APB1_Fz=0x00000000
[14:17:33.284]    DbgMCU_APB2_Fz=0x00000000
[14:17:33.284]    TraceClk_Pin=0x00040002
[14:17:33.284]    TraceD0_Pin=0x00040003
[14:17:33.284]    TraceD1_Pin=0x00040004
[14:17:33.284]    TraceD2_Pin=0x00040005
[14:17:33.284]    TraceD3_Pin=0x00040006
[14:17:33.284]  </debugvars>
[14:17:33.284]  
[14:17:33.284]  <sequence name="DebugDeviceUnlock" Pname="" disable="false" info="">
[14:17:33.284]    <block atomic="false" info="">
[14:17:33.284]      Sequence("CheckID");
[14:17:33.284]        <sequence name="CheckID" Pname="" disable="false" info="">
[14:17:33.284]          <block atomic="false" info="">
[14:17:33.284]            __var pidr1 = 0;
[14:17:33.284]              // -> [pidr1 <= 0x00000000]
[14:17:33.284]            __var pidr2 = 0;
[14:17:33.284]              // -> [pidr2 <= 0x00000000]
[14:17:33.284]            __var jep106id = 0;
[14:17:33.284]              // -> [jep106id <= 0x00000000]
[14:17:33.284]            __var ROMTableBase = 0;
[14:17:33.284]              // -> [ROMTableBase <= 0x00000000]
[14:17:33.284]            __ap = 0;      // AHB-AP
[14:17:33.284]              // -> [__ap <= 0x00000000]
[14:17:33.284]            ROMTableBase = ReadAP(0xF8) & ~0x3;
[14:17:33.284]              // -> [ReadAP(0x000000F8) => 0xE00FF003]   (__dp=0x00000000, __ap=0x00000000)
[14:17:33.284]              // -> [ROMTableBase <= 0xE00FF000]
[14:17:33.284]            pidr1 = Read32(ROMTableBase + 0x0FE4);
[14:17:33.292]              // -> [Read32(0xE00FFFE4) => 0x00000004]   (__dp=0x00000000, __ap=0x00000000)
[14:17:33.292]              // -> [pidr1 <= 0x00000004]
[14:17:33.292]            pidr2 = Read32(ROMTableBase + 0x0FE8);
[14:17:33.302]              // -> [Read32(0xE00FFFE8) => 0x0000000A]   (__dp=0x00000000, __ap=0x00000000)
[14:17:33.302]              // -> [pidr2 <= 0x0000000A]
[14:17:33.302]            jep106id = ((pidr2 & 0x7) << 4 ) | ((pidr1 >> 4) & 0xF);
[14:17:33.302]              // -> [jep106id <= 0x00000020]
[14:17:33.302]          </block>
[14:17:33.302]          <control if="jep106id != 0x20" while="" timeout="0" info="">
[14:17:33.302]            // if-block "jep106id != 0x20"
[14:17:33.302]              // =>  FALSE
[14:17:33.302]            // skip if-block "jep106id != 0x20"
[14:17:33.302]          </control>
[14:17:33.302]        </sequence>
[14:17:33.302]    </block>
[14:17:33.302]  </sequence>
[14:17:33.302]  
[14:17:33.432]  **********  Sequence "DebugCoreStart"  (Context="Target Access", Pname="", info="")
[14:17:33.432]  
[14:17:33.432]  <debugvars>
[14:17:33.432]    // Pre-defined
[14:17:33.442]    __protocol=0x00010002      (Protocol="SWD", SWJ-DP="True")
[14:17:33.442]    __connection=0x00000202    (Connection Type="Flash", Reset Type="System Reset")
[14:17:33.442]    __dp=0x00000000
[14:17:33.442]    __ap=0x00000000
[14:17:33.442]    __traceout=0x00000000      (Trace Disabled)
[14:17:33.442]    __errorcontrol=0x00000000  (Skip Errors="False")
[14:17:33.442]    __FlashAddr=0x00000000
[14:17:33.442]    __FlashLen=0x00000000
[14:17:33.442]    __FlashArg=0x00000000
[14:17:33.443]    __FlashOp=0x00000000
[14:17:33.443]    __Result=0x00000000
[14:17:33.443]    
[14:17:33.443]    // User-defined
[14:17:33.443]    DbgMCU_CR=0x00000007
[14:17:33.443]    DbgMCU_APB1_Fz=0x00000000
[14:17:33.443]    DbgMCU_APB2_Fz=0x00000000
[14:17:33.443]    TraceClk_Pin=0x00040002
[14:17:33.443]    TraceD0_Pin=0x00040003
[14:17:33.443]    TraceD1_Pin=0x00040004
[14:17:33.443]    TraceD2_Pin=0x00040005
[14:17:33.443]    TraceD3_Pin=0x00040006
[14:17:33.443]  </debugvars>
[14:17:33.443]  
[14:17:33.443]  <sequence name="DebugCoreStart" Pname="" disable="false" info="">
[14:17:33.443]    <block atomic="false" info="">
[14:17:33.443]      Write32(0xE000EDF0, 0xA05F0001);                                        // Enable Core Debug via DHCSR
[14:17:33.443]        // -> [Write32(0xE000EDF0, 0xA05F0001)]   (__dp=0x00000000, __ap=0x00000000)
[14:17:33.443]      Write32(0xE0042004, DbgMCU_CR);                                         // DBGMCU_CR: Configure MCU Debug
[14:17:33.452]        // -> [Write32(0xE0042004, 0x00000007)]   (__dp=0x00000000, __ap=0x00000000)
[14:17:33.452]      Write32(0xE0042008, DbgMCU_APB1_Fz);                                    // DBGMCU_APB1_FZ: Configure APB1 Peripheral Freeze Behavior
[14:17:33.462]        // -> [Write32(0xE0042008, 0x00000000)]   (__dp=0x00000000, __ap=0x00000000)
[14:17:33.462]      Write32(0xE004200C, DbgMCU_APB2_Fz);                                    // DBGMCU_APB1_FZ: Configure APB2 Peripheral Freeze Behavior
[14:17:33.472]        // -> [Write32(0xE004200C, 0x00000000)]   (__dp=0x00000000, __ap=0x00000000)
[14:17:33.472]    </block>
[14:17:33.472]  </sequence>
[14:17:33.472]  
[14:21:12.443]  **********  Sequence "DebugDeviceUnlock"  (Context="Connect", Pname="", info="")
[14:21:12.443]  
[14:21:12.443]  <debugvars>
[14:21:12.443]    // Pre-defined
[14:21:12.443]    __protocol=0x00010002      (Protocol="SWD", SWJ-DP="True")
[14:21:12.443]    __connection=0x00000202    (Connection Type="Flash", Reset Type="System Reset")
[14:21:12.443]    __dp=0x00000000
[14:21:12.443]    __ap=0x00000000
[14:21:12.443]    __traceout=0x00000000      (Trace Disabled)
[14:21:12.443]    __errorcontrol=0x00000000  (Skip Errors="False")
[14:21:12.443]    __FlashAddr=0x00000000
[14:21:12.443]    __FlashLen=0x00000000
[14:21:12.443]    __FlashArg=0x00000000
[14:21:12.443]    __FlashOp=0x00000000
[14:21:12.443]    __Result=0x00000000
[14:21:12.443]    
[14:21:12.443]    // User-defined
[14:21:12.443]    DbgMCU_CR=0x00000007
[14:21:12.443]    DbgMCU_APB1_Fz=0x00000000
[14:21:12.443]    DbgMCU_APB2_Fz=0x00000000
[14:21:12.443]    TraceClk_Pin=0x00040002
[14:21:12.443]    TraceD0_Pin=0x00040003
[14:21:12.443]    TraceD1_Pin=0x00040004
[14:21:12.443]    TraceD2_Pin=0x00040005
[14:21:12.443]    TraceD3_Pin=0x00040006
[14:21:12.443]  </debugvars>
[14:21:12.443]  
[14:21:12.443]  <sequence name="DebugDeviceUnlock" Pname="" disable="false" info="">
[14:21:12.443]    <block atomic="false" info="">
[14:21:12.443]      Sequence("CheckID");
[14:21:12.443]        <sequence name="CheckID" Pname="" disable="false" info="">
[14:21:12.443]          <block atomic="false" info="">
[14:21:12.443]            __var pidr1 = 0;
[14:21:12.443]              // -> [pidr1 <= 0x00000000]
[14:21:12.443]            __var pidr2 = 0;
[14:21:12.453]              // -> [pidr2 <= 0x00000000]
[14:21:12.453]            __var jep106id = 0;
[14:21:12.453]              // -> [jep106id <= 0x00000000]
[14:21:12.453]            __var ROMTableBase = 0;
[14:21:12.453]              // -> [ROMTableBase <= 0x00000000]
[14:21:12.453]            __ap = 0;      // AHB-AP
[14:21:12.453]              // -> [__ap <= 0x00000000]
[14:21:12.453]            ROMTableBase = ReadAP(0xF8) & ~0x3;
[14:21:12.453]              // -> [ReadAP(0x000000F8) => 0xE00FF003]   (__dp=0x00000000, __ap=0x00000000)
[14:21:12.453]              // -> [ROMTableBase <= 0xE00FF000]
[14:21:12.453]            pidr1 = Read32(ROMTableBase + 0x0FE4);
[14:21:12.463]              // -> [Read32(0xE00FFFE4) => 0x00000004]   (__dp=0x00000000, __ap=0x00000000)
[14:21:12.463]              // -> [pidr1 <= 0x00000004]
[14:21:12.463]            pidr2 = Read32(ROMTableBase + 0x0FE8);
[14:21:12.473]              // -> [Read32(0xE00FFFE8) => 0x0000000A]   (__dp=0x00000000, __ap=0x00000000)
[14:21:12.473]              // -> [pidr2 <= 0x0000000A]
[14:21:12.473]            jep106id = ((pidr2 & 0x7) << 4 ) | ((pidr1 >> 4) & 0xF);
[14:21:12.473]              // -> [jep106id <= 0x00000020]
[14:21:12.473]          </block>
[14:21:12.473]          <control if="jep106id != 0x20" while="" timeout="0" info="">
[14:21:12.473]            // if-block "jep106id != 0x20"
[14:21:12.473]              // =>  FALSE
[14:21:12.473]            // skip if-block "jep106id != 0x20"
[14:21:12.473]          </control>
[14:21:12.473]        </sequence>
[14:21:12.473]    </block>
[14:21:12.473]  </sequence>
[14:21:12.473]  
[14:21:12.603]  **********  Sequence "DebugCoreStart"  (Context="Target Access", Pname="", info="")
[14:21:12.603]  
[14:21:12.603]  <debugvars>
[14:21:12.603]    // Pre-defined
[14:21:12.603]    __protocol=0x00010002      (Protocol="SWD", SWJ-DP="True")
[14:21:12.603]    __connection=0x00000202    (Connection Type="Flash", Reset Type="System Reset")
[14:21:12.603]    __dp=0x00000000
[14:21:12.603]    __ap=0x00000000
[14:21:12.603]    __traceout=0x00000000      (Trace Disabled)
[14:21:12.603]    __errorcontrol=0x00000000  (Skip Errors="False")
[14:21:12.603]    __FlashAddr=0x00000000
[14:21:12.603]    __FlashLen=0x00000000
[14:21:12.603]    __FlashArg=0x00000000
[14:21:12.603]    __FlashOp=0x00000000
[14:21:12.603]    __Result=0x00000000
[14:21:12.603]    
[14:21:12.603]    // User-defined
[14:21:12.603]    DbgMCU_CR=0x00000007
[14:21:12.603]    DbgMCU_APB1_Fz=0x00000000
[14:21:12.603]    DbgMCU_APB2_Fz=0x00000000
[14:21:12.603]    TraceClk_Pin=0x00040002
[14:21:12.603]    TraceD0_Pin=0x00040003
[14:21:12.603]    TraceD1_Pin=0x00040004
[14:21:12.603]    TraceD2_Pin=0x00040005
[14:21:12.603]    TraceD3_Pin=0x00040006
[14:21:12.603]  </debugvars>
[14:21:12.603]  
[14:21:12.603]  <sequence name="DebugCoreStart" Pname="" disable="false" info="">
[14:21:12.603]    <block atomic="false" info="">
[14:21:12.603]      Write32(0xE000EDF0, 0xA05F0001);                                        // Enable Core Debug via DHCSR
[14:21:12.613]        // -> [Write32(0xE000EDF0, 0xA05F0001)]   (__dp=0x00000000, __ap=0x00000000)
[14:21:12.613]      Write32(0xE0042004, DbgMCU_CR);                                         // DBGMCU_CR: Configure MCU Debug
[14:21:12.623]        // -> [Write32(0xE0042004, 0x00000007)]   (__dp=0x00000000, __ap=0x00000000)
[14:21:12.623]      Write32(0xE0042008, DbgMCU_APB1_Fz);                                    // DBGMCU_APB1_FZ: Configure APB1 Peripheral Freeze Behavior
[14:21:12.629]        // -> [Write32(0xE0042008, 0x00000000)]   (__dp=0x00000000, __ap=0x00000000)
[14:21:12.629]      Write32(0xE004200C, DbgMCU_APB2_Fz);                                    // DBGMCU_APB1_FZ: Configure APB2 Peripheral Freeze Behavior
[14:21:12.633]        // -> [Write32(0xE004200C, 0x00000000)]   (__dp=0x00000000, __ap=0x00000000)
[14:21:12.633]    </block>
[14:21:12.633]  </sequence>
[14:21:12.633]  
[14:22:29.178]  **********  Sequence "DebugDeviceUnlock"  (Context="Connect", Pname="", info="")
[14:22:29.178]  
[14:22:29.178]  <debugvars>
[14:22:29.178]    // Pre-defined
[14:22:29.178]    __protocol=0x00010002      (Protocol="SWD", SWJ-DP="True")
[14:22:29.178]    __connection=0x00000202    (Connection Type="Flash", Reset Type="System Reset")
[14:22:29.178]    __dp=0x00000000
[14:22:29.178]    __ap=0x00000000
[14:22:29.178]    __traceout=0x00000000      (Trace Disabled)
[14:22:29.178]    __errorcontrol=0x00000000  (Skip Errors="False")
[14:22:29.178]    __FlashAddr=0x00000000
[14:22:29.178]    __FlashLen=0x00000000
[14:22:29.178]    __FlashArg=0x00000000
[14:22:29.178]    __FlashOp=0x00000000
[14:22:29.178]    __Result=0x00000000
[14:22:29.178]    
[14:22:29.178]    // User-defined
[14:22:29.178]    DbgMCU_CR=0x00000007
[14:22:29.178]    DbgMCU_APB1_Fz=0x00000000
[14:22:29.178]    DbgMCU_APB2_Fz=0x00000000
[14:22:29.178]    TraceClk_Pin=0x00040002
[14:22:29.178]    TraceD0_Pin=0x00040003
[14:22:29.184]    TraceD1_Pin=0x00040004
[14:22:29.184]    TraceD2_Pin=0x00040005
[14:22:29.184]    TraceD3_Pin=0x00040006
[14:22:29.184]  </debugvars>
[14:22:29.184]  
[14:22:29.184]  <sequence name="DebugDeviceUnlock" Pname="" disable="false" info="">
[14:22:29.184]    <block atomic="false" info="">
[14:22:29.184]      Sequence("CheckID");
[14:22:29.184]        <sequence name="CheckID" Pname="" disable="false" info="">
[14:22:29.184]          <block atomic="false" info="">
[14:22:29.184]            __var pidr1 = 0;
[14:22:29.184]              // -> [pidr1 <= 0x00000000]
[14:22:29.184]            __var pidr2 = 0;
[14:22:29.184]              // -> [pidr2 <= 0x00000000]
[14:22:29.184]            __var jep106id = 0;
[14:22:29.184]              // -> [jep106id <= 0x00000000]
[14:22:29.184]            __var ROMTableBase = 0;
[14:22:29.184]              // -> [ROMTableBase <= 0x00000000]
[14:22:29.184]            __ap = 0;      // AHB-AP
[14:22:29.184]              // -> [__ap <= 0x00000000]
[14:22:29.184]            ROMTableBase = ReadAP(0xF8) & ~0x3;
[14:22:29.188]              // -> [ReadAP(0x000000F8) => 0xE00FF003]   (__dp=0x00000000, __ap=0x00000000)
[14:22:29.188]              // -> [ROMTableBase <= 0xE00FF000]
[14:22:29.188]            pidr1 = Read32(ROMTableBase + 0x0FE4);
[14:22:29.198]              // -> [Read32(0xE00FFFE4) => 0x00000004]   (__dp=0x00000000, __ap=0x00000000)
[14:22:29.198]              // -> [pidr1 <= 0x00000004]
[14:22:29.198]            pidr2 = Read32(ROMTableBase + 0x0FE8);
[14:22:29.200]              // -> [Read32(0xE00FFFE8) => 0x0000000A]   (__dp=0x00000000, __ap=0x00000000)
[14:22:29.200]              // -> [pidr2 <= 0x0000000A]
[14:22:29.200]            jep106id = ((pidr2 & 0x7) << 4 ) | ((pidr1 >> 4) & 0xF);
[14:22:29.200]              // -> [jep106id <= 0x00000020]
[14:22:29.200]          </block>
[14:22:29.200]          <control if="jep106id != 0x20" while="" timeout="0" info="">
[14:22:29.200]            // if-block "jep106id != 0x20"
[14:22:29.200]              // =>  FALSE
[14:22:29.200]            // skip if-block "jep106id != 0x20"
[14:22:29.200]          </control>
[14:22:29.200]        </sequence>
[14:22:29.200]    </block>
[14:22:29.200]  </sequence>
[14:22:29.200]  
[14:22:29.338]  **********  Sequence "DebugCoreStart"  (Context="Target Access", Pname="", info="")
[14:22:29.338]  
[14:22:29.338]  <debugvars>
[14:22:29.338]    // Pre-defined
[14:22:29.338]    __protocol=0x00010002      (Protocol="SWD", SWJ-DP="True")
[14:22:29.338]    __connection=0x00000202    (Connection Type="Flash", Reset Type="System Reset")
[14:22:29.338]    __dp=0x00000000
[14:22:29.338]    __ap=0x00000000
[14:22:29.338]    __traceout=0x00000000      (Trace Disabled)
[14:22:29.338]    __errorcontrol=0x00000000  (Skip Errors="False")
[14:22:29.338]    __FlashAddr=0x00000000
[14:22:29.338]    __FlashLen=0x00000000
[14:22:29.338]    __FlashArg=0x00000000
[14:22:29.338]    __FlashOp=0x00000000
[14:22:29.338]    __Result=0x00000000
[14:22:29.338]    
[14:22:29.338]    // User-defined
[14:22:29.338]    DbgMCU_CR=0x00000007
[14:22:29.338]    DbgMCU_APB1_Fz=0x00000000
[14:22:29.338]    DbgMCU_APB2_Fz=0x00000000
[14:22:29.338]    TraceClk_Pin=0x00040002
[14:22:29.338]    TraceD0_Pin=0x00040003
[14:22:29.338]    TraceD1_Pin=0x00040004
[14:22:29.338]    TraceD2_Pin=0x00040005
[14:22:29.338]    TraceD3_Pin=0x00040006
[14:22:29.338]  </debugvars>
[14:22:29.338]  
[14:22:29.338]  <sequence name="DebugCoreStart" Pname="" disable="false" info="">
[14:22:29.338]    <block atomic="false" info="">
[14:22:29.338]      Write32(0xE000EDF0, 0xA05F0001);                                        // Enable Core Debug via DHCSR
[14:22:29.348]        // -> [Write32(0xE000EDF0, 0xA05F0001)]   (__dp=0x00000000, __ap=0x00000000)
[14:22:29.348]      Write32(0xE0042004, DbgMCU_CR);                                         // DBGMCU_CR: Configure MCU Debug
[14:22:29.355]        // -> [Write32(0xE0042004, 0x00000007)]   (__dp=0x00000000, __ap=0x00000000)
[14:22:29.355]      Write32(0xE0042008, DbgMCU_APB1_Fz);                                    // DBGMCU_APB1_FZ: Configure APB1 Peripheral Freeze Behavior
[14:22:29.359]        // -> [Write32(0xE0042008, 0x00000000)]   (__dp=0x00000000, __ap=0x00000000)
[14:22:29.359]      Write32(0xE004200C, DbgMCU_APB2_Fz);                                    // DBGMCU_APB1_FZ: Configure APB2 Peripheral Freeze Behavior
[14:22:29.368]        // -> [Write32(0xE004200C, 0x00000000)]   (__dp=0x00000000, __ap=0x00000000)
[14:22:29.368]    </block>
[14:22:29.368]  </sequence>
[14:22:29.368]  
[14:28:39.932]  **********  Sequence "DebugDeviceUnlock"  (Context="Connect", Pname="", info="")
[14:28:39.932]  
[14:28:39.932]  <debugvars>
[14:28:39.932]    // Pre-defined
[14:28:39.932]    __protocol=0x00010002      (Protocol="SWD", SWJ-DP="True")
[14:28:39.932]    __connection=0x00000202    (Connection Type="Flash", Reset Type="System Reset")
[14:28:39.932]    __dp=0x00000000
[14:28:39.932]    __ap=0x00000000
[14:28:39.932]    __traceout=0x00000000      (Trace Disabled)
[14:28:39.932]    __errorcontrol=0x00000000  (Skip Errors="False")
[14:28:39.932]    __FlashAddr=0x00000000
[14:28:39.932]    __FlashLen=0x00000000
[14:28:39.932]    __FlashArg=0x00000000
[14:28:39.932]    __FlashOp=0x00000000
[14:28:39.932]    __Result=0x00000000
[14:28:39.932]    
[14:28:39.932]    // User-defined
[14:28:39.932]    DbgMCU_CR=0x00000007
[14:28:39.932]    DbgMCU_APB1_Fz=0x00000000
[14:28:39.932]    DbgMCU_APB2_Fz=0x00000000
[14:28:39.932]    TraceClk_Pin=0x00040002
[14:28:39.932]    TraceD0_Pin=0x00040003
[14:28:39.932]    TraceD1_Pin=0x00040004
[14:28:39.932]    TraceD2_Pin=0x00040005
[14:28:39.932]    TraceD3_Pin=0x00040006
[14:28:39.932]  </debugvars>
[14:28:39.932]  
[14:28:39.932]  <sequence name="DebugDeviceUnlock" Pname="" disable="false" info="">
[14:28:39.932]    <block atomic="false" info="">
[14:28:39.932]      Sequence("CheckID");
[14:28:39.932]        <sequence name="CheckID" Pname="" disable="false" info="">
[14:28:39.932]          <block atomic="false" info="">
[14:28:39.932]            __var pidr1 = 0;
[14:28:39.932]              // -> [pidr1 <= 0x00000000]
[14:28:39.932]            __var pidr2 = 0;
[14:28:39.932]              // -> [pidr2 <= 0x00000000]
[14:28:39.932]            __var jep106id = 0;
[14:28:39.932]              // -> [jep106id <= 0x00000000]
[14:28:39.932]            __var ROMTableBase = 0;
[14:28:39.932]              // -> [ROMTableBase <= 0x00000000]
[14:28:39.932]            __ap = 0;      // AHB-AP
[14:28:39.932]              // -> [__ap <= 0x00000000]
[14:28:39.932]            ROMTableBase = ReadAP(0xF8) & ~0x3;
[14:28:39.948]              // -> [ReadAP(0x000000F8) => 0xE00FF003]   (__dp=0x00000000, __ap=0x00000000)
[14:28:39.948]              // -> [ROMTableBase <= 0xE00FF000]
[14:28:39.948]            pidr1 = Read32(ROMTableBase + 0x0FE4);
[14:28:39.948]              // -> [Read32(0xE00FFFE4) => 0x00000004]   (__dp=0x00000000, __ap=0x00000000)
[14:28:39.948]              // -> [pidr1 <= 0x00000004]
[14:28:39.948]            pidr2 = Read32(ROMTableBase + 0x0FE8);
[14:28:39.964]              // -> [Read32(0xE00FFFE8) => 0x0000000A]   (__dp=0x00000000, __ap=0x00000000)
[14:28:39.964]              // -> [pidr2 <= 0x0000000A]
[14:28:39.964]            jep106id = ((pidr2 & 0x7) << 4 ) | ((pidr1 >> 4) & 0xF);
[14:28:39.964]              // -> [jep106id <= 0x00000020]
[14:28:39.964]          </block>
[14:28:39.964]          <control if="jep106id != 0x20" while="" timeout="0" info="">
[14:28:39.964]            // if-block "jep106id != 0x20"
[14:28:39.964]              // =>  FALSE
[14:28:39.964]            // skip if-block "jep106id != 0x20"
[14:28:39.964]          </control>
[14:28:39.964]        </sequence>
[14:28:39.964]    </block>
[14:28:39.964]  </sequence>
[14:28:39.964]  
[14:28:40.089]  **********  Sequence "DebugCoreStart"  (Context="Target Access", Pname="", info="")
[14:28:40.089]  
[14:28:40.089]  <debugvars>
[14:28:40.089]    // Pre-defined
[14:28:40.089]    __protocol=0x00010002      (Protocol="SWD", SWJ-DP="True")
[14:28:40.089]    __connection=0x00000202    (Connection Type="Flash", Reset Type="System Reset")
[14:28:40.089]    __dp=0x00000000
[14:28:40.089]    __ap=0x00000000
[14:28:40.089]    __traceout=0x00000000      (Trace Disabled)
[14:28:40.089]    __errorcontrol=0x00000000  (Skip Errors="False")
[14:28:40.105]    __FlashAddr=0x00000000
[14:28:40.105]    __FlashLen=0x00000000
[14:28:40.105]    __FlashArg=0x00000000
[14:28:40.105]    __FlashOp=0x00000000
[14:28:40.105]    __Result=0x00000000
[14:28:40.105]    
[14:28:40.105]    // User-defined
[14:28:40.105]    DbgMCU_CR=0x00000007
[14:28:40.105]    DbgMCU_APB1_Fz=0x00000000
[14:28:40.105]    DbgMCU_APB2_Fz=0x00000000
[14:28:40.105]    TraceClk_Pin=0x00040002
[14:28:40.105]    TraceD0_Pin=0x00040003
[14:28:40.105]    TraceD1_Pin=0x00040004
[14:28:40.105]    TraceD2_Pin=0x00040005
[14:28:40.105]    TraceD3_Pin=0x00040006
[14:28:40.105]  </debugvars>
[14:28:40.105]  
[14:28:40.105]  <sequence name="DebugCoreStart" Pname="" disable="false" info="">
[14:28:40.105]    <block atomic="false" info="">
[14:28:40.105]      Write32(0xE000EDF0, 0xA05F0001);                                        // Enable Core Debug via DHCSR
[14:28:40.105]        // -> [Write32(0xE000EDF0, 0xA05F0001)]   (__dp=0x00000000, __ap=0x00000000)
[14:28:40.105]      Write32(0xE0042004, DbgMCU_CR);                                         // DBGMCU_CR: Configure MCU Debug
[14:28:40.105]        // -> [Write32(0xE0042004, 0x00000007)]   (__dp=0x00000000, __ap=0x00000000)
[14:28:40.105]      Write32(0xE0042008, DbgMCU_APB1_Fz);                                    // DBGMCU_APB1_FZ: Configure APB1 Peripheral Freeze Behavior
[14:28:40.120]        // -> [Write32(0xE0042008, 0x00000000)]   (__dp=0x00000000, __ap=0x00000000)
[14:28:40.120]      Write32(0xE004200C, DbgMCU_APB2_Fz);                                    // DBGMCU_APB1_FZ: Configure APB2 Peripheral Freeze Behavior
[14:28:40.120]        // -> [Write32(0xE004200C, 0x00000000)]   (__dp=0x00000000, __ap=0x00000000)
[14:28:40.120]    </block>
[14:28:40.120]  </sequence>
[14:28:40.120]  
[14:31:30.806]  **********  Sequence "DebugDeviceUnlock"  (Context="Connect", Pname="", info="")
[14:31:30.806]  
[14:31:30.806]  <debugvars>
[14:31:30.806]    // Pre-defined
[14:31:30.806]    __protocol=0x00010002      (Protocol="SWD", SWJ-DP="True")
[14:31:30.806]    __connection=0x00000202    (Connection Type="Flash", Reset Type="System Reset")
[14:31:30.806]    __dp=0x00000000
[14:31:30.806]    __ap=0x00000000
[14:31:30.806]    __traceout=0x00000000      (Trace Disabled)
[14:31:30.806]    __errorcontrol=0x00000000  (Skip Errors="False")
[14:31:30.806]    __FlashAddr=0x00000000
[14:31:30.806]    __FlashLen=0x00000000
[14:31:30.806]    __FlashArg=0x00000000
[14:31:30.806]    __FlashOp=0x00000000
[14:31:30.806]    __Result=0x00000000
[14:31:30.806]    
[14:31:30.806]    // User-defined
[14:31:30.806]    DbgMCU_CR=0x00000007
[14:31:30.806]    DbgMCU_APB1_Fz=0x00000000
[14:31:30.806]    DbgMCU_APB2_Fz=0x00000000
[14:31:30.806]    TraceClk_Pin=0x00040002
[14:31:30.806]    TraceD0_Pin=0x00040003
[14:31:30.806]    TraceD1_Pin=0x00040004
[14:31:30.806]    TraceD2_Pin=0x00040005
[14:31:30.806]    TraceD3_Pin=0x00040006
[14:31:30.806]  </debugvars>
[14:31:30.806]  
[14:31:30.806]  <sequence name="DebugDeviceUnlock" Pname="" disable="false" info="">
[14:31:30.806]    <block atomic="false" info="">
[14:31:30.806]      Sequence("CheckID");
[14:31:30.806]        <sequence name="CheckID" Pname="" disable="false" info="">
[14:31:30.806]          <block atomic="false" info="">
[14:31:30.806]            __var pidr1 = 0;
[14:31:30.806]              // -> [pidr1 <= 0x00000000]
[14:31:30.806]            __var pidr2 = 0;
[14:31:30.806]              // -> [pidr2 <= 0x00000000]
[14:31:30.806]            __var jep106id = 0;
[14:31:30.806]              // -> [jep106id <= 0x00000000]
[14:31:30.806]            __var ROMTableBase = 0;
[14:31:30.806]              // -> [ROMTableBase <= 0x00000000]
[14:31:30.806]            __ap = 0;      // AHB-AP
[14:31:30.806]              // -> [__ap <= 0x00000000]
[14:31:30.806]            ROMTableBase = ReadAP(0xF8) & ~0x3;
[14:31:30.812]              // -> [ReadAP(0x000000F8) => 0xE00FF003]   (__dp=0x00000000, __ap=0x00000000)
[14:31:30.812]              // -> [ROMTableBase <= 0xE00FF000]
[14:31:30.812]            pidr1 = Read32(ROMTableBase + 0x0FE4);
[14:31:30.816]              // -> [Read32(0xE00FFFE4) => 0x00000004]   (__dp=0x00000000, __ap=0x00000000)
[14:31:30.816]              // -> [pidr1 <= 0x00000004]
[14:31:30.816]            pidr2 = Read32(ROMTableBase + 0x0FE8);
[14:31:30.826]              // -> [Read32(0xE00FFFE8) => 0x0000000A]   (__dp=0x00000000, __ap=0x00000000)
[14:31:30.828]              // -> [pidr2 <= 0x0000000A]
[14:31:30.828]            jep106id = ((pidr2 & 0x7) << 4 ) | ((pidr1 >> 4) & 0xF);
[14:31:30.828]              // -> [jep106id <= 0x00000020]
[14:31:30.828]          </block>
[14:31:30.828]          <control if="jep106id != 0x20" while="" timeout="0" info="">
[14:31:30.828]            // if-block "jep106id != 0x20"
[14:31:30.828]              // =>  FALSE
[14:31:30.828]            // skip if-block "jep106id != 0x20"
[14:31:30.828]          </control>
[14:31:30.828]        </sequence>
[14:31:30.828]    </block>
[14:31:30.828]  </sequence>
[14:31:30.828]  
[14:31:30.956]  **********  Sequence "DebugCoreStart"  (Context="Target Access", Pname="", info="")
[14:31:30.956]  
[14:31:30.956]  <debugvars>
[14:31:30.956]    // Pre-defined
[14:31:30.956]    __protocol=0x00010002      (Protocol="SWD", SWJ-DP="True")
[14:31:30.956]    __connection=0x00000202    (Connection Type="Flash", Reset Type="System Reset")
[14:31:30.956]    __dp=0x00000000
[14:31:30.956]    __ap=0x00000000
[14:31:30.956]    __traceout=0x00000000      (Trace Disabled)
[14:31:30.956]    __errorcontrol=0x00000000  (Skip Errors="False")
[14:31:30.956]    __FlashAddr=0x00000000
[14:31:30.956]    __FlashLen=0x00000000
[14:31:30.956]    __FlashArg=0x00000000
[14:31:30.956]    __FlashOp=0x00000000
[14:31:30.956]    __Result=0x00000000
[14:31:30.956]    
[14:31:30.956]    // User-defined
[14:31:30.956]    DbgMCU_CR=0x00000007
[14:31:30.956]    DbgMCU_APB1_Fz=0x00000000
[14:31:30.956]    DbgMCU_APB2_Fz=0x00000000
[14:31:30.956]    TraceClk_Pin=0x00040002
[14:31:30.956]    TraceD0_Pin=0x00040003
[14:31:30.956]    TraceD1_Pin=0x00040004
[14:31:30.966]    TraceD2_Pin=0x00040005
[14:31:30.966]    TraceD3_Pin=0x00040006
[14:31:30.966]  </debugvars>
[14:31:30.966]  
[14:31:30.966]  <sequence name="DebugCoreStart" Pname="" disable="false" info="">
[14:31:30.966]    <block atomic="false" info="">
[14:31:30.966]      Write32(0xE000EDF0, 0xA05F0001);                                        // Enable Core Debug via DHCSR
[14:31:30.972]        // -> [Write32(0xE000EDF0, 0xA05F0001)]   (__dp=0x00000000, __ap=0x00000000)
[14:31:30.972]      Write32(0xE0042004, DbgMCU_CR);                                         // DBGMCU_CR: Configure MCU Debug
[14:31:30.976]        // -> [Write32(0xE0042004, 0x00000007)]   (__dp=0x00000000, __ap=0x00000000)
[14:31:30.976]      Write32(0xE0042008, DbgMCU_APB1_Fz);                                    // DBGMCU_APB1_FZ: Configure APB1 Peripheral Freeze Behavior
[14:31:30.982]        // -> [Write32(0xE0042008, 0x00000000)]   (__dp=0x00000000, __ap=0x00000000)
[14:31:30.982]      Write32(0xE004200C, DbgMCU_APB2_Fz);                                    // DBGMCU_APB1_FZ: Configure APB2 Peripheral Freeze Behavior
[14:31:30.987]        // -> [Write32(0xE004200C, 0x00000000)]   (__dp=0x00000000, __ap=0x00000000)
[14:31:30.987]    </block>
[14:31:30.987]  </sequence>
[14:31:30.987]  
[14:32:38.110]  **********  Sequence "DebugDeviceUnlock"  (Context="Connect", Pname="", info="")
[14:32:38.110]  
[14:32:38.110]  <debugvars>
[14:32:38.110]    // Pre-defined
[14:32:38.110]    __protocol=0x00010002      (Protocol="SWD", SWJ-DP="True")
[14:32:38.110]    __connection=0x00000202    (Connection Type="Flash", Reset Type="System Reset")
[14:32:38.110]    __dp=0x00000000
[14:32:38.110]    __ap=0x00000000
[14:32:38.110]    __traceout=0x00000000      (Trace Disabled)
[14:32:38.110]    __errorcontrol=0x00000000  (Skip Errors="False")
[14:32:38.110]    __FlashAddr=0x00000000
[14:32:38.110]    __FlashLen=0x00000000
[14:32:38.110]    __FlashArg=0x00000000
[14:32:38.110]    __FlashOp=0x00000000
[14:32:38.110]    __Result=0x00000000
[14:32:38.110]    
[14:32:38.110]    // User-defined
[14:32:38.110]    DbgMCU_CR=0x00000007
[14:32:38.110]    DbgMCU_APB1_Fz=0x00000000
[14:32:38.110]    DbgMCU_APB2_Fz=0x00000000
[14:32:38.110]    TraceClk_Pin=0x00040002
[14:32:38.110]    TraceD0_Pin=0x00040003
[14:32:38.110]    TraceD1_Pin=0x00040004
[14:32:38.110]    TraceD2_Pin=0x00040005
[14:32:38.110]    TraceD3_Pin=0x00040006
[14:32:38.110]  </debugvars>
[14:32:38.110]  
[14:32:38.110]  <sequence name="DebugDeviceUnlock" Pname="" disable="false" info="">
[14:32:38.110]    <block atomic="false" info="">
[14:32:38.110]      Sequence("CheckID");
[14:32:38.110]        <sequence name="CheckID" Pname="" disable="false" info="">
[14:32:38.110]          <block atomic="false" info="">
[14:32:38.110]            __var pidr1 = 0;
[14:32:38.110]              // -> [pidr1 <= 0x00000000]
[14:32:38.110]            __var pidr2 = 0;
[14:32:38.110]              // -> [pidr2 <= 0x00000000]
[14:32:38.110]            __var jep106id = 0;
[14:32:38.110]              // -> [jep106id <= 0x00000000]
[14:32:38.110]            __var ROMTableBase = 0;
[14:32:38.110]              // -> [ROMTableBase <= 0x00000000]
[14:32:38.110]            __ap = 0;      // AHB-AP
[14:32:38.110]              // -> [__ap <= 0x00000000]
[14:32:38.110]            ROMTableBase = ReadAP(0xF8) & ~0x3;
[14:32:38.118]              // -> [ReadAP(0x000000F8) => 0xE00FF003]   (__dp=0x00000000, __ap=0x00000000)
[14:32:38.118]              // -> [ROMTableBase <= 0xE00FF000]
[14:32:38.118]            pidr1 = Read32(ROMTableBase + 0x0FE4);
[14:32:38.128]              // -> [Read32(0xE00FFFE4) => 0x00000004]   (__dp=0x00000000, __ap=0x00000000)
[14:32:38.128]              // -> [pidr1 <= 0x00000004]
[14:32:38.128]            pidr2 = Read32(ROMTableBase + 0x0FE8);
[14:32:38.128]              // -> [Read32(0xE00FFFE8) => 0x0000000A]   (__dp=0x00000000, __ap=0x00000000)
[14:32:38.128]              // -> [pidr2 <= 0x0000000A]
[14:32:38.128]            jep106id = ((pidr2 & 0x7) << 4 ) | ((pidr1 >> 4) & 0xF);
[14:32:38.128]              // -> [jep106id <= 0x00000020]
[14:32:38.128]          </block>
[14:32:38.128]          <control if="jep106id != 0x20" while="" timeout="0" info="">
[14:32:38.128]            // if-block "jep106id != 0x20"
[14:32:38.128]              // =>  FALSE
[14:32:38.128]            // skip if-block "jep106id != 0x20"
[14:32:38.128]          </control>
[14:32:38.128]        </sequence>
[14:32:38.128]    </block>
[14:32:38.128]  </sequence>
[14:32:38.128]  
[14:32:38.270]  **********  Sequence "DebugCoreStart"  (Context="Target Access", Pname="", info="")
[14:32:38.270]  
[14:32:38.270]  <debugvars>
[14:32:38.270]    // Pre-defined
[14:32:38.270]    __protocol=0x00010002      (Protocol="SWD", SWJ-DP="True")
[14:32:38.270]    __connection=0x00000202    (Connection Type="Flash", Reset Type="System Reset")
[14:32:38.270]    __dp=0x00000000
[14:32:38.270]    __ap=0x00000000
[14:32:38.270]    __traceout=0x00000000      (Trace Disabled)
[14:32:38.270]    __errorcontrol=0x00000000  (Skip Errors="False")
[14:32:38.270]    __FlashAddr=0x00000000
[14:32:38.270]    __FlashLen=0x00000000
[14:32:38.270]    __FlashArg=0x00000000
[14:32:38.270]    __FlashOp=0x00000000
[14:32:38.270]    __Result=0x00000000
[14:32:38.270]    
[14:32:38.270]    // User-defined
[14:32:38.270]    DbgMCU_CR=0x00000007
[14:32:38.270]    DbgMCU_APB1_Fz=0x00000000
[14:32:38.270]    DbgMCU_APB2_Fz=0x00000000
[14:32:38.270]    TraceClk_Pin=0x00040002
[14:32:38.270]    TraceD0_Pin=0x00040003
[14:32:38.270]    TraceD1_Pin=0x00040004
[14:32:38.270]    TraceD2_Pin=0x00040005
[14:32:38.270]    TraceD3_Pin=0x00040006
[14:32:38.270]  </debugvars>
[14:32:38.270]  
[14:32:38.270]  <sequence name="DebugCoreStart" Pname="" disable="false" info="">
[14:32:38.270]    <block atomic="false" info="">
[14:32:38.270]      Write32(0xE000EDF0, 0xA05F0001);                                        // Enable Core Debug via DHCSR
[14:32:38.278]        // -> [Write32(0xE000EDF0, 0xA05F0001)]   (__dp=0x00000000, __ap=0x00000000)
[14:32:38.278]      Write32(0xE0042004, DbgMCU_CR);                                         // DBGMCU_CR: Configure MCU Debug
[14:32:38.286]        // -> [Write32(0xE0042004, 0x00000007)]   (__dp=0x00000000, __ap=0x00000000)
[14:32:38.286]      Write32(0xE0042008, DbgMCU_APB1_Fz);                                    // DBGMCU_APB1_FZ: Configure APB1 Peripheral Freeze Behavior
[14:32:38.289]        // -> [Write32(0xE0042008, 0x00000000)]   (__dp=0x00000000, __ap=0x00000000)
[14:32:38.289]      Write32(0xE004200C, DbgMCU_APB2_Fz);                                    // DBGMCU_APB1_FZ: Configure APB2 Peripheral Freeze Behavior
[14:32:38.298]        // -> [Write32(0xE004200C, 0x00000000)]   (__dp=0x00000000, __ap=0x00000000)
[14:32:38.298]    </block>
[14:32:38.298]  </sequence>
[14:32:38.298]  
[14:36:55.534]  **********  Sequence "DebugDeviceUnlock"  (Context="Connect", Pname="", info="")
[14:36:55.534]  
[14:36:55.534]  <debugvars>
[14:36:55.534]    // Pre-defined
[14:36:55.534]    __protocol=0x00010002      (Protocol="SWD", SWJ-DP="True")
[14:36:55.534]    __connection=0x00000202    (Connection Type="Flash", Reset Type="System Reset")
[14:36:55.534]    __dp=0x00000000
[14:36:55.534]    __ap=0x00000000
[14:36:55.534]    __traceout=0x00000000      (Trace Disabled)
[14:36:55.534]    __errorcontrol=0x00000000  (Skip Errors="False")
[14:36:55.534]    __FlashAddr=0x00000000
[14:36:55.534]    __FlashLen=0x00000000
[14:36:55.534]    __FlashArg=0x00000000
[14:36:55.534]    __FlashOp=0x00000000
[14:36:55.534]    __Result=0x00000000
[14:36:55.534]    
[14:36:55.534]    // User-defined
[14:36:55.534]    DbgMCU_CR=0x00000007
[14:36:55.534]    DbgMCU_APB1_Fz=0x00000000
[14:36:55.534]    DbgMCU_APB2_Fz=0x00000000
[14:36:55.534]    TraceClk_Pin=0x00040002
[14:36:55.534]    TraceD0_Pin=0x00040003
[14:36:55.534]    TraceD1_Pin=0x00040004
[14:36:55.534]    TraceD2_Pin=0x00040005
[14:36:55.534]    TraceD3_Pin=0x00040006
[14:36:55.534]  </debugvars>
[14:36:55.534]  
[14:36:55.534]  <sequence name="DebugDeviceUnlock" Pname="" disable="false" info="">
[14:36:55.534]    <block atomic="false" info="">
[14:36:55.534]      Sequence("CheckID");
[14:36:55.534]        <sequence name="CheckID" Pname="" disable="false" info="">
[14:36:55.534]          <block atomic="false" info="">
[14:36:55.534]            __var pidr1 = 0;
[14:36:55.534]              // -> [pidr1 <= 0x00000000]
[14:36:55.534]            __var pidr2 = 0;
[14:36:55.534]              // -> [pidr2 <= 0x00000000]
[14:36:55.534]            __var jep106id = 0;
[14:36:55.534]              // -> [jep106id <= 0x00000000]
[14:36:55.534]            __var ROMTableBase = 0;
[14:36:55.534]              // -> [ROMTableBase <= 0x00000000]
[14:36:55.534]            __ap = 0;      // AHB-AP
[14:36:55.534]              // -> [__ap <= 0x00000000]
[14:36:55.534]            ROMTableBase = ReadAP(0xF8) & ~0x3;
[14:36:55.534]              // -> [ReadAP(0x000000F8) => 0xE00FF003]   (__dp=0x00000000, __ap=0x00000000)
[14:36:55.534]              // -> [ROMTableBase <= 0xE00FF000]
[14:36:55.534]            pidr1 = Read32(ROMTableBase + 0x0FE4);
[14:36:55.550]              // -> [Read32(0xE00FFFE4) => 0x00000004]   (__dp=0x00000000, __ap=0x00000000)
[14:36:55.550]              // -> [pidr1 <= 0x00000004]
[14:36:55.550]            pidr2 = Read32(ROMTableBase + 0x0FE8);
[14:36:55.550]              // -> [Read32(0xE00FFFE8) => 0x0000000A]   (__dp=0x00000000, __ap=0x00000000)
[14:36:55.550]              // -> [pidr2 <= 0x0000000A]
[14:36:55.550]            jep106id = ((pidr2 & 0x7) << 4 ) | ((pidr1 >> 4) & 0xF);
[14:36:55.550]              // -> [jep106id <= 0x00000020]
[14:36:55.550]          </block>
[14:36:55.550]          <control if="jep106id != 0x20" while="" timeout="0" info="">
[14:36:55.550]            // if-block "jep106id != 0x20"
[14:36:55.550]              // =>  FALSE
[14:36:55.550]            // skip if-block "jep106id != 0x20"
[14:36:55.550]          </control>
[14:36:55.550]        </sequence>
[14:36:55.550]    </block>
[14:36:55.550]  </sequence>
[14:36:55.550]  
[14:36:55.691]  **********  Sequence "DebugCoreStart"  (Context="Target Access", Pname="", info="")
[14:36:55.691]  
[14:36:55.691]  <debugvars>
[14:36:55.691]    // Pre-defined
[14:36:55.691]    __protocol=0x00010002      (Protocol="SWD", SWJ-DP="True")
[14:36:55.691]    __connection=0x00000202    (Connection Type="Flash", Reset Type="System Reset")
[14:36:55.691]    __dp=0x00000000
[14:36:55.691]    __ap=0x00000000
[14:36:55.691]    __traceout=0x00000000      (Trace Disabled)
[14:36:55.691]    __errorcontrol=0x00000000  (Skip Errors="False")
[14:36:55.691]    __FlashAddr=0x00000000
[14:36:55.691]    __FlashLen=0x00000000
[14:36:55.691]    __FlashArg=0x00000000
[14:36:55.691]    __FlashOp=0x00000000
[14:36:55.691]    __Result=0x00000000
[14:36:55.691]    
[14:36:55.691]    // User-defined
[14:36:55.691]    DbgMCU_CR=0x00000007
[14:36:55.691]    DbgMCU_APB1_Fz=0x00000000
[14:36:55.691]    DbgMCU_APB2_Fz=0x00000000
[14:36:55.691]    TraceClk_Pin=0x00040002
[14:36:55.691]    TraceD0_Pin=0x00040003
[14:36:55.691]    TraceD1_Pin=0x00040004
[14:36:55.691]    TraceD2_Pin=0x00040005
[14:36:55.691]    TraceD3_Pin=0x00040006
[14:36:55.691]  </debugvars>
[14:36:55.691]  
[14:36:55.691]  <sequence name="DebugCoreStart" Pname="" disable="false" info="">
[14:36:55.691]    <block atomic="false" info="">
[14:36:55.691]      Write32(0xE000EDF0, 0xA05F0001);                                        // Enable Core Debug via DHCSR
[14:36:55.691]        // -> [Write32(0xE000EDF0, 0xA05F0001)]   (__dp=0x00000000, __ap=0x00000000)
[14:36:55.691]      Write32(0xE0042004, DbgMCU_CR);                                         // DBGMCU_CR: Configure MCU Debug
[14:36:55.706]        // -> [Write32(0xE0042004, 0x00000007)]   (__dp=0x00000000, __ap=0x00000000)
[14:36:55.706]      Write32(0xE0042008, DbgMCU_APB1_Fz);                                    // DBGMCU_APB1_FZ: Configure APB1 Peripheral Freeze Behavior
[14:36:55.706]        // -> [Write32(0xE0042008, 0x00000000)]   (__dp=0x00000000, __ap=0x00000000)
[14:36:55.706]      Write32(0xE004200C, DbgMCU_APB2_Fz);                                    // DBGMCU_APB1_FZ: Configure APB2 Peripheral Freeze Behavior
[14:36:55.722]        // -> [Write32(0xE004200C, 0x00000000)]   (__dp=0x00000000, __ap=0x00000000)
[14:36:55.722]    </block>
[14:36:55.722]  </sequence>
[14:36:55.722]  
[14:39:25.933]  **********  Sequence "DebugDeviceUnlock"  (Context="Connect", Pname="", info="")
[14:39:25.933]  
[14:39:25.933]  <debugvars>
[14:39:25.933]    // Pre-defined
[14:39:25.933]    __protocol=0x00010002      (Protocol="SWD", SWJ-DP="True")
[14:39:25.933]    __connection=0x00000202    (Connection Type="Flash", Reset Type="System Reset")
[14:39:25.933]    __dp=0x00000000
[14:39:25.933]    __ap=0x00000000
[14:39:25.933]    __traceout=0x00000000      (Trace Disabled)
[14:39:25.933]    __errorcontrol=0x00000000  (Skip Errors="False")
[14:39:25.933]    __FlashAddr=0x00000000
[14:39:25.933]    __FlashLen=0x00000000
[14:39:25.933]    __FlashArg=0x00000000
[14:39:25.933]    __FlashOp=0x00000000
[14:39:25.933]    __Result=0x00000000
[14:39:25.933]    
[14:39:25.933]    // User-defined
[14:39:25.933]    DbgMCU_CR=0x00000007
[14:39:25.933]    DbgMCU_APB1_Fz=0x00000000
[14:39:25.933]    DbgMCU_APB2_Fz=0x00000000
[14:39:25.933]    TraceClk_Pin=0x00040002
[14:39:25.933]    TraceD0_Pin=0x00040003
[14:39:25.933]    TraceD1_Pin=0x00040004
[14:39:25.933]    TraceD2_Pin=0x00040005
[14:39:25.933]    TraceD3_Pin=0x00040006
[14:39:25.933]  </debugvars>
[14:39:25.933]  
[14:39:25.933]  <sequence name="DebugDeviceUnlock" Pname="" disable="false" info="">
[14:39:25.933]    <block atomic="false" info="">
[14:39:25.933]      Sequence("CheckID");
[14:39:25.933]        <sequence name="CheckID" Pname="" disable="false" info="">
[14:39:25.933]          <block atomic="false" info="">
[14:39:25.933]            __var pidr1 = 0;
[14:39:25.933]              // -> [pidr1 <= 0x00000000]
[14:39:25.933]            __var pidr2 = 0;
[14:39:25.933]              // -> [pidr2 <= 0x00000000]
[14:39:25.933]            __var jep106id = 0;
[14:39:25.933]              // -> [jep106id <= 0x00000000]
[14:39:25.933]            __var ROMTableBase = 0;
[14:39:25.933]              // -> [ROMTableBase <= 0x00000000]
[14:39:25.933]            __ap = 0;      // AHB-AP
[14:39:25.933]              // -> [__ap <= 0x00000000]
[14:39:25.933]            ROMTableBase = ReadAP(0xF8) & ~0x3;
[14:39:25.941]              // -> [ReadAP(0x000000F8) => 0xE00FF003]   (__dp=0x00000000, __ap=0x00000000)
[14:39:25.941]              // -> [ROMTableBase <= 0xE00FF000]
[14:39:25.941]            pidr1 = Read32(ROMTableBase + 0x0FE4);
[14:39:25.949]              // -> [Read32(0xE00FFFE4) => 0x00000004]   (__dp=0x00000000, __ap=0x00000000)
[14:39:25.949]              // -> [pidr1 <= 0x00000004]
[14:39:25.951]            pidr2 = Read32(ROMTableBase + 0x0FE8);
[14:39:25.961]              // -> [Read32(0xE00FFFE8) => 0x0000000A]   (__dp=0x00000000, __ap=0x00000000)
[14:39:25.965]              // -> [pidr2 <= 0x0000000A]
[14:39:25.965]            jep106id = ((pidr2 & 0x7) << 4 ) | ((pidr1 >> 4) & 0xF);
[14:39:25.965]              // -> [jep106id <= 0x00000020]
[14:39:25.965]          </block>
[14:39:25.965]          <control if="jep106id != 0x20" while="" timeout="0" info="">
[14:39:25.965]            // if-block "jep106id != 0x20"
[14:39:25.965]              // =>  FALSE
[14:39:25.965]            // skip if-block "jep106id != 0x20"
[14:39:25.965]          </control>
[14:39:25.965]        </sequence>
[14:39:25.965]    </block>
[14:39:25.965]  </sequence>
[14:39:25.965]  
[14:39:26.101]  **********  Sequence "DebugCoreStart"  (Context="Target Access", Pname="", info="")
[14:39:26.101]  
[14:39:26.101]  <debugvars>
[14:39:26.101]    // Pre-defined
[14:39:26.101]    __protocol=0x00010002      (Protocol="SWD", SWJ-DP="True")
[14:39:26.101]    __connection=0x00000202    (Connection Type="Flash", Reset Type="System Reset")
[14:39:26.101]    __dp=0x00000000
[14:39:26.101]    __ap=0x00000000
[14:39:26.101]    __traceout=0x00000000      (Trace Disabled)
[14:39:26.101]    __errorcontrol=0x00000000  (Skip Errors="False")
[14:39:26.101]    __FlashAddr=0x00000000
[14:39:26.101]    __FlashLen=0x00000000
[14:39:26.101]    __FlashArg=0x00000000
[14:39:26.101]    __FlashOp=0x00000000
[14:39:26.101]    __Result=0x00000000
[14:39:26.101]    
[14:39:26.101]    // User-defined
[14:39:26.101]    DbgMCU_CR=0x00000007
[14:39:26.101]    DbgMCU_APB1_Fz=0x00000000
[14:39:26.101]    DbgMCU_APB2_Fz=0x00000000
[14:39:26.101]    TraceClk_Pin=0x00040002
[14:39:26.101]    TraceD0_Pin=0x00040003
[14:39:26.101]    TraceD1_Pin=0x00040004
[14:39:26.101]    TraceD2_Pin=0x00040005
[14:39:26.101]    TraceD3_Pin=0x00040006
[14:39:26.101]  </debugvars>
[14:39:26.101]  
[14:39:26.101]  <sequence name="DebugCoreStart" Pname="" disable="false" info="">
[14:39:26.101]    <block atomic="false" info="">
[14:39:26.101]      Write32(0xE000EDF0, 0xA05F0001);                                        // Enable Core Debug via DHCSR
[14:39:26.111]        // -> [Write32(0xE000EDF0, 0xA05F0001)]   (__dp=0x00000000, __ap=0x00000000)
[14:39:26.111]      Write32(0xE0042004, DbgMCU_CR);                                         // DBGMCU_CR: Configure MCU Debug
[14:39:26.111]        // -> [Write32(0xE0042004, 0x00000007)]   (__dp=0x00000000, __ap=0x00000000)
[14:39:26.111]      Write32(0xE0042008, DbgMCU_APB1_Fz);                                    // DBGMCU_APB1_FZ: Configure APB1 Peripheral Freeze Behavior
[14:39:26.125]        // -> [Write32(0xE0042008, 0x00000000)]   (__dp=0x00000000, __ap=0x00000000)
[14:39:26.125]      Write32(0xE004200C, DbgMCU_APB2_Fz);                                    // DBGMCU_APB1_FZ: Configure APB2 Peripheral Freeze Behavior
[14:39:26.131]        // -> [Write32(0xE004200C, 0x00000000)]   (__dp=0x00000000, __ap=0x00000000)
[14:39:26.131]    </block>
[14:39:26.131]  </sequence>
[14:39:26.131]  
[14:39:51.194]  **********  Sequence "DebugDeviceUnlock"  (Context="Connect", Pname="", info="")
[14:39:51.194]  
[14:39:51.194]  <debugvars>
[14:39:51.194]    // Pre-defined
[14:39:51.194]    __protocol=0x00010002      (Protocol="SWD", SWJ-DP="True")
[14:39:51.194]    __connection=0x00000202    (Connection Type="Flash", Reset Type="System Reset")
[14:39:51.194]    __dp=0x00000000
[14:39:51.194]    __ap=0x00000000
[14:39:51.194]    __traceout=0x00000000      (Trace Disabled)
[14:39:51.194]    __errorcontrol=0x00000000  (Skip Errors="False")
[14:39:51.194]    __FlashAddr=0x00000000
[14:39:51.194]    __FlashLen=0x00000000
[14:39:51.194]    __FlashArg=0x00000000
[14:39:51.194]    __FlashOp=0x00000000
[14:39:51.194]    __Result=0x00000000
[14:39:51.194]    
[14:39:51.194]    // User-defined
[14:39:51.194]    DbgMCU_CR=0x00000007
[14:39:51.194]    DbgMCU_APB1_Fz=0x00000000
[14:39:51.194]    DbgMCU_APB2_Fz=0x00000000
[14:39:51.194]    TraceClk_Pin=0x00040002
[14:39:51.194]    TraceD0_Pin=0x00040003
[14:39:51.194]    TraceD1_Pin=0x00040004
[14:39:51.194]    TraceD2_Pin=0x00040005
[14:39:51.194]    TraceD3_Pin=0x00040006
[14:39:51.194]  </debugvars>
[14:39:51.194]  
[14:39:51.194]  <sequence name="DebugDeviceUnlock" Pname="" disable="false" info="">
[14:39:51.194]    <block atomic="false" info="">
[14:39:51.194]      Sequence("CheckID");
[14:39:51.194]        <sequence name="CheckID" Pname="" disable="false" info="">
[14:39:51.194]          <block atomic="false" info="">
[14:39:51.194]            __var pidr1 = 0;
[14:39:51.194]              // -> [pidr1 <= 0x00000000]
[14:39:51.194]            __var pidr2 = 0;
[14:39:51.194]              // -> [pidr2 <= 0x00000000]
[14:39:51.194]            __var jep106id = 0;
[14:39:51.194]              // -> [jep106id <= 0x00000000]
[14:39:51.194]            __var ROMTableBase = 0;
[14:39:51.194]              // -> [ROMTableBase <= 0x00000000]
[14:39:51.194]            __ap = 0;      // AHB-AP
[14:39:51.194]              // -> [__ap <= 0x00000000]
[14:39:51.194]            ROMTableBase = ReadAP(0xF8) & ~0x3;
[14:39:51.202]              // -> [ReadAP(0x000000F8) => 0xE00FF003]   (__dp=0x00000000, __ap=0x00000000)
[14:39:51.202]              // -> [ROMTableBase <= 0xE00FF000]
[14:39:51.202]            pidr1 = Read32(ROMTableBase + 0x0FE4);
[14:39:51.209]              // -> [Read32(0xE00FFFE4) => 0x00000004]   (__dp=0x00000000, __ap=0x00000000)
[14:39:51.209]              // -> [pidr1 <= 0x00000004]
[14:39:51.209]            pidr2 = Read32(ROMTableBase + 0x0FE8);
[14:39:51.211]              // -> [Read32(0xE00FFFE8) => 0x0000000A]   (__dp=0x00000000, __ap=0x00000000)
[14:39:51.211]              // -> [pidr2 <= 0x0000000A]
[14:39:51.211]            jep106id = ((pidr2 & 0x7) << 4 ) | ((pidr1 >> 4) & 0xF);
[14:39:51.211]              // -> [jep106id <= 0x00000020]
[14:39:51.211]          </block>
[14:39:51.211]          <control if="jep106id != 0x20" while="" timeout="0" info="">
[14:39:51.211]            // if-block "jep106id != 0x20"
[14:39:51.211]              // =>  FALSE
[14:39:51.211]            // skip if-block "jep106id != 0x20"
[14:39:51.211]          </control>
[14:39:51.211]        </sequence>
[14:39:51.211]    </block>
[14:39:51.211]  </sequence>
[14:39:51.211]  
[14:39:51.352]  **********  Sequence "DebugCoreStart"  (Context="Target Access", Pname="", info="")
[14:39:51.352]  
[14:39:51.352]  <debugvars>
[14:39:51.352]    // Pre-defined
[14:39:51.352]    __protocol=0x00010002      (Protocol="SWD", SWJ-DP="True")
[14:39:51.352]    __connection=0x00000202    (Connection Type="Flash", Reset Type="System Reset")
[14:39:51.352]    __dp=0x00000000
[14:39:51.352]    __ap=0x00000000
[14:39:51.352]    __traceout=0x00000000      (Trace Disabled)
[14:39:51.352]    __errorcontrol=0x00000000  (Skip Errors="False")
[14:39:51.352]    __FlashAddr=0x00000000
[14:39:51.352]    __FlashLen=0x00000000
[14:39:51.352]    __FlashArg=0x00000000
[14:39:51.352]    __FlashOp=0x00000000
[14:39:51.352]    __Result=0x00000000
[14:39:51.354]    
[14:39:51.354]    // User-defined
[14:39:51.354]    DbgMCU_CR=0x00000007
[14:39:51.354]    DbgMCU_APB1_Fz=0x00000000
[14:39:51.354]    DbgMCU_APB2_Fz=0x00000000
[14:39:51.354]    TraceClk_Pin=0x00040002
[14:39:51.354]    TraceD0_Pin=0x00040003
[14:39:51.354]    TraceD1_Pin=0x00040004
[14:39:51.354]    TraceD2_Pin=0x00040005
[14:39:51.354]    TraceD3_Pin=0x00040006
[14:39:51.354]  </debugvars>
[14:39:51.354]  
[14:39:51.354]  <sequence name="DebugCoreStart" Pname="" disable="false" info="">
[14:39:51.354]    <block atomic="false" info="">
[14:39:51.354]      Write32(0xE000EDF0, 0xA05F0001);                                        // Enable Core Debug via DHCSR
[14:39:51.354]        // -> [Write32(0xE000EDF0, 0xA05F0001)]   (__dp=0x00000000, __ap=0x00000000)
[14:39:51.354]      Write32(0xE0042004, DbgMCU_CR);                                         // DBGMCU_CR: Configure MCU Debug
[14:39:51.362]        // -> [Write32(0xE0042004, 0x00000007)]   (__dp=0x00000000, __ap=0x00000000)
[14:39:51.362]      Write32(0xE0042008, DbgMCU_APB1_Fz);                                    // DBGMCU_APB1_FZ: Configure APB1 Peripheral Freeze Behavior
[14:39:51.371]        // -> [Write32(0xE0042008, 0x00000000)]   (__dp=0x00000000, __ap=0x00000000)
[14:39:51.371]      Write32(0xE004200C, DbgMCU_APB2_Fz);                                    // DBGMCU_APB1_FZ: Configure APB2 Peripheral Freeze Behavior
[14:39:51.371]        // -> [Write32(0xE004200C, 0x00000000)]   (__dp=0x00000000, __ap=0x00000000)
[14:39:51.371]    </block>
[14:39:51.382]  </sequence>
[14:39:51.382]  
[14:42:03.476]  **********  Sequence "DebugDeviceUnlock"  (Context="Connect", Pname="", info="")
[14:42:03.476]  
[14:42:03.476]  <debugvars>
[14:42:03.476]    // Pre-defined
[14:42:03.476]    __protocol=0x00010002      (Protocol="SWD", SWJ-DP="True")
[14:42:03.478]    __connection=0x00000202    (Connection Type="Flash", Reset Type="System Reset")
[14:42:03.478]    __dp=0x00000000
[14:42:03.478]    __ap=0x00000000
[14:42:03.478]    __traceout=0x00000000      (Trace Disabled)
[14:42:03.478]    __errorcontrol=0x00000000  (Skip Errors="False")
[14:42:03.478]    __FlashAddr=0x00000000
[14:42:03.478]    __FlashLen=0x00000000
[14:42:03.478]    __FlashArg=0x00000000
[14:42:03.478]    __FlashOp=0x00000000
[14:42:03.478]    __Result=0x00000000
[14:42:03.478]    
[14:42:03.478]    // User-defined
[14:42:03.478]    DbgMCU_CR=0x00000007
[14:42:03.478]    DbgMCU_APB1_Fz=0x00000000
[14:42:03.478]    DbgMCU_APB2_Fz=0x00000000
[14:42:03.478]    TraceClk_Pin=0x00040002
[14:42:03.478]    TraceD0_Pin=0x00040003
[14:42:03.478]    TraceD1_Pin=0x00040004
[14:42:03.478]    TraceD2_Pin=0x00040005
[14:42:03.478]    TraceD3_Pin=0x00040006
[14:42:03.478]  </debugvars>
[14:42:03.478]  
[14:42:03.478]  <sequence name="DebugDeviceUnlock" Pname="" disable="false" info="">
[14:42:03.478]    <block atomic="false" info="">
[14:42:03.478]      Sequence("CheckID");
[14:42:03.478]        <sequence name="CheckID" Pname="" disable="false" info="">
[14:42:03.478]          <block atomic="false" info="">
[14:42:03.478]            __var pidr1 = 0;
[14:42:03.478]              // -> [pidr1 <= 0x00000000]
[14:42:03.478]            __var pidr2 = 0;
[14:42:03.478]              // -> [pidr2 <= 0x00000000]
[14:42:03.478]            __var jep106id = 0;
[14:42:03.478]              // -> [jep106id <= 0x00000000]
[14:42:03.478]            __var ROMTableBase = 0;
[14:42:03.478]              // -> [ROMTableBase <= 0x00000000]
[14:42:03.478]            __ap = 0;      // AHB-AP
[14:42:03.478]              // -> [__ap <= 0x00000000]
[14:42:03.478]            ROMTableBase = ReadAP(0xF8) & ~0x3;
[14:42:03.482]              // -> [ReadAP(0x000000F8) => 0xE00FF003]   (__dp=0x00000000, __ap=0x00000000)
[14:42:03.482]              // -> [ROMTableBase <= 0xE00FF000]
[14:42:03.482]            pidr1 = Read32(ROMTableBase + 0x0FE4);
[14:42:03.492]              // -> [Read32(0xE00FFFE4) => 0x00000004]   (__dp=0x00000000, __ap=0x00000000)
[14:42:03.492]              // -> [pidr1 <= 0x00000004]
[14:42:03.492]            pidr2 = Read32(ROMTableBase + 0x0FE8);
[14:42:03.492]              // -> [Read32(0xE00FFFE8) => 0x0000000A]   (__dp=0x00000000, __ap=0x00000000)
[14:42:03.492]              // -> [pidr2 <= 0x0000000A]
[14:42:03.492]            jep106id = ((pidr2 & 0x7) << 4 ) | ((pidr1 >> 4) & 0xF);
[14:42:03.492]              // -> [jep106id <= 0x00000020]
[14:42:03.492]          </block>
[14:42:03.492]          <control if="jep106id != 0x20" while="" timeout="0" info="">
[14:42:03.492]            // if-block "jep106id != 0x20"
[14:42:03.492]              // =>  FALSE
[14:42:03.492]            // skip if-block "jep106id != 0x20"
[14:42:03.492]          </control>
[14:42:03.492]        </sequence>
[14:42:03.492]    </block>
[14:42:03.492]  </sequence>
[14:42:03.492]  
[14:42:03.632]  **********  Sequence "DebugCoreStart"  (Context="Target Access", Pname="", info="")
[14:42:03.632]  
[14:42:03.632]  <debugvars>
[14:42:03.632]    // Pre-defined
[14:42:03.632]    __protocol=0x00010002      (Protocol="SWD", SWJ-DP="True")
[14:42:03.634]    __connection=0x00000202    (Connection Type="Flash", Reset Type="System Reset")
[14:42:03.634]    __dp=0x00000000
[14:42:03.634]    __ap=0x00000000
[14:42:03.634]    __traceout=0x00000000      (Trace Disabled)
[14:42:03.634]    __errorcontrol=0x00000000  (Skip Errors="False")
[14:42:03.634]    __FlashAddr=0x00000000
[14:42:03.634]    __FlashLen=0x00000000
[14:42:03.634]    __FlashArg=0x00000000
[14:42:03.634]    __FlashOp=0x00000000
[14:42:03.634]    __Result=0x00000000
[14:42:03.634]    
[14:42:03.634]    // User-defined
[14:42:03.634]    DbgMCU_CR=0x00000007
[14:42:03.634]    DbgMCU_APB1_Fz=0x00000000
[14:42:03.634]    DbgMCU_APB2_Fz=0x00000000
[14:42:03.634]    TraceClk_Pin=0x00040002
[14:42:03.634]    TraceD0_Pin=0x00040003
[14:42:03.634]    TraceD1_Pin=0x00040004
[14:42:03.634]    TraceD2_Pin=0x00040005
[14:42:03.634]    TraceD3_Pin=0x00040006
[14:42:03.634]  </debugvars>
[14:42:03.634]  
[14:42:03.634]  <sequence name="DebugCoreStart" Pname="" disable="false" info="">
[14:42:03.634]    <block atomic="false" info="">
[14:42:03.634]      Write32(0xE000EDF0, 0xA05F0001);                                        // Enable Core Debug via DHCSR
[14:42:03.642]        // -> [Write32(0xE000EDF0, 0xA05F0001)]   (__dp=0x00000000, __ap=0x00000000)
[14:42:03.642]      Write32(0xE0042004, DbgMCU_CR);                                         // DBGMCU_CR: Configure MCU Debug
[14:42:03.642]        // -> [Write32(0xE0042004, 0x00000007)]   (__dp=0x00000000, __ap=0x00000000)
[14:42:03.642]      Write32(0xE0042008, DbgMCU_APB1_Fz);                                    // DBGMCU_APB1_FZ: Configure APB1 Peripheral Freeze Behavior
[14:42:03.652]        // -> [Write32(0xE0042008, 0x00000000)]   (__dp=0x00000000, __ap=0x00000000)
[14:42:03.652]      Write32(0xE004200C, DbgMCU_APB2_Fz);                                    // DBGMCU_APB1_FZ: Configure APB2 Peripheral Freeze Behavior
[14:42:03.662]        // -> [Write32(0xE004200C, 0x00000000)]   (__dp=0x00000000, __ap=0x00000000)
[14:42:03.662]    </block>
[14:42:03.662]  </sequence>
[14:42:03.662]  
[14:43:20.206]  **********  Sequence "DebugDeviceUnlock"  (Context="Connect", Pname="", info="")
[14:43:20.206]  
[14:43:20.206]  <debugvars>
[14:43:20.206]    // Pre-defined
[14:43:20.206]    __protocol=0x00010002      (Protocol="SWD", SWJ-DP="True")
[14:43:20.215]    __connection=0x00000202    (Connection Type="Flash", Reset Type="System Reset")
[14:43:20.215]    __dp=0x00000000
[14:43:20.216]    __ap=0x00000000
[14:43:20.216]    __traceout=0x00000000      (Trace Disabled)
[14:43:20.216]    __errorcontrol=0x00000000  (Skip Errors="False")
[14:43:20.216]    __FlashAddr=0x00000000
[14:43:20.216]    __FlashLen=0x00000000
[14:43:20.216]    __FlashArg=0x00000000
[14:43:20.216]    __FlashOp=0x00000000
[14:43:20.216]    __Result=0x00000000
[14:43:20.216]    
[14:43:20.216]    // User-defined
[14:43:20.216]    DbgMCU_CR=0x00000007
[14:43:20.216]    DbgMCU_APB1_Fz=0x00000000
[14:43:20.216]    DbgMCU_APB2_Fz=0x00000000
[14:43:20.216]    TraceClk_Pin=0x00040002
[14:43:20.216]    TraceD0_Pin=0x00040003
[14:43:20.216]    TraceD1_Pin=0x00040004
[14:43:20.216]    TraceD2_Pin=0x00040005
[14:43:20.216]    TraceD3_Pin=0x00040006
[14:43:20.216]  </debugvars>
[14:43:20.216]  
[14:43:20.216]  <sequence name="DebugDeviceUnlock" Pname="" disable="false" info="">
[14:43:20.216]    <block atomic="false" info="">
[14:43:20.216]      Sequence("CheckID");
[14:43:20.216]        <sequence name="CheckID" Pname="" disable="false" info="">
[14:43:20.216]          <block atomic="false" info="">
[14:43:20.216]            __var pidr1 = 0;
[14:43:20.216]              // -> [pidr1 <= 0x00000000]
[14:43:20.216]            __var pidr2 = 0;
[14:43:20.216]              // -> [pidr2 <= 0x00000000]
[14:43:20.216]            __var jep106id = 0;
[14:43:20.216]              // -> [jep106id <= 0x00000000]
[14:43:20.216]            __var ROMTableBase = 0;
[14:43:20.216]              // -> [ROMTableBase <= 0x00000000]
[14:43:20.216]            __ap = 0;      // AHB-AP
[14:43:20.216]              // -> [__ap <= 0x00000000]
[14:43:20.216]            ROMTableBase = ReadAP(0xF8) & ~0x3;
[14:43:20.223]              // -> [ReadAP(0x000000F8) => 0xE00FF003]   (__dp=0x00000000, __ap=0x00000000)
[14:43:20.223]              // -> [ROMTableBase <= 0xE00FF000]
[14:43:20.223]            pidr1 = Read32(ROMTableBase + 0x0FE4);
[14:43:20.226]              // -> [Read32(0xE00FFFE4) => 0x00000004]   (__dp=0x00000000, __ap=0x00000000)
[14:43:20.226]              // -> [pidr1 <= 0x00000004]
[14:43:20.226]            pidr2 = Read32(ROMTableBase + 0x0FE8);
[14:43:20.235]              // -> [Read32(0xE00FFFE8) => 0x0000000A]   (__dp=0x00000000, __ap=0x00000000)
[14:43:20.238]              // -> [pidr2 <= 0x0000000A]
[14:43:20.238]            jep106id = ((pidr2 & 0x7) << 4 ) | ((pidr1 >> 4) & 0xF);
[14:43:20.238]              // -> [jep106id <= 0x00000020]
[14:43:20.238]          </block>
[14:43:20.238]          <control if="jep106id != 0x20" while="" timeout="0" info="">
[14:43:20.238]            // if-block "jep106id != 0x20"
[14:43:20.238]              // =>  FALSE
[14:43:20.238]            // skip if-block "jep106id != 0x20"
[14:43:20.238]          </control>
[14:43:20.238]        </sequence>
[14:43:20.238]    </block>
[14:43:20.238]  </sequence>
[14:43:20.238]  
[14:43:20.365]  **********  Sequence "DebugCoreStart"  (Context="Target Access", Pname="", info="")
[14:43:20.365]  
[14:43:20.365]  <debugvars>
[14:43:20.365]    // Pre-defined
[14:43:20.365]    __protocol=0x00010002      (Protocol="SWD", SWJ-DP="True")
[14:43:20.365]    __connection=0x00000202    (Connection Type="Flash", Reset Type="System Reset")
[14:43:20.365]    __dp=0x00000000
[14:43:20.365]    __ap=0x00000000
[14:43:20.365]    __traceout=0x00000000      (Trace Disabled)
[14:43:20.365]    __errorcontrol=0x00000000  (Skip Errors="False")
[14:43:20.365]    __FlashAddr=0x00000000
[14:43:20.365]    __FlashLen=0x00000000
[14:43:20.365]    __FlashArg=0x00000000
[14:43:20.365]    __FlashOp=0x00000000
[14:43:20.365]    __Result=0x00000000
[14:43:20.376]    
[14:43:20.376]    // User-defined
[14:43:20.376]    DbgMCU_CR=0x00000007
[14:43:20.376]    DbgMCU_APB1_Fz=0x00000000
[14:43:20.376]    DbgMCU_APB2_Fz=0x00000000
[14:43:20.376]    TraceClk_Pin=0x00040002
[14:43:20.376]    TraceD0_Pin=0x00040003
[14:43:20.376]    TraceD1_Pin=0x00040004
[14:43:20.376]    TraceD2_Pin=0x00040005
[14:43:20.376]    TraceD3_Pin=0x00040006
[14:43:20.376]  </debugvars>
[14:43:20.376]  
[14:43:20.376]  <sequence name="DebugCoreStart" Pname="" disable="false" info="">
[14:43:20.376]    <block atomic="false" info="">
[14:43:20.376]      Write32(0xE000EDF0, 0xA05F0001);                                        // Enable Core Debug via DHCSR
[14:43:20.381]        // -> [Write32(0xE000EDF0, 0xA05F0001)]   (__dp=0x00000000, __ap=0x00000000)
[14:43:20.381]      Write32(0xE0042004, DbgMCU_CR);                                         // DBGMCU_CR: Configure MCU Debug
[14:43:20.385]        // -> [Write32(0xE0042004, 0x00000007)]   (__dp=0x00000000, __ap=0x00000000)
[14:43:20.385]      Write32(0xE0042008, DbgMCU_APB1_Fz);                                    // DBGMCU_APB1_FZ: Configure APB1 Peripheral Freeze Behavior
[14:43:20.385]        // -> [Write32(0xE0042008, 0x00000000)]   (__dp=0x00000000, __ap=0x00000000)
[14:43:20.385]      Write32(0xE004200C, DbgMCU_APB2_Fz);                                    // DBGMCU_APB1_FZ: Configure APB2 Peripheral Freeze Behavior
[14:43:20.397]        // -> [Write32(0xE004200C, 0x00000000)]   (__dp=0x00000000, __ap=0x00000000)
[14:43:20.397]    </block>
[14:43:20.397]  </sequence>
[14:43:20.397]  
[14:46:16.599]  **********  Sequence "DebugDeviceUnlock"  (Context="Connect", Pname="", info="")
[14:46:16.599]  
[14:46:16.599]  <debugvars>
[14:46:16.599]    // Pre-defined
[14:46:16.599]    __protocol=0x00010002      (Protocol="SWD", SWJ-DP="True")
[14:46:16.599]    __connection=0x00000202    (Connection Type="Flash", Reset Type="System Reset")
[14:46:16.599]    __dp=0x00000000
[14:46:16.599]    __ap=0x00000000
[14:46:16.599]    __traceout=0x00000000      (Trace Disabled)
[14:46:16.599]    __errorcontrol=0x00000000  (Skip Errors="False")
[14:46:16.599]    __FlashAddr=0x00000000
[14:46:16.599]    __FlashLen=0x00000000
[14:46:16.599]    __FlashArg=0x00000000
[14:46:16.604]    __FlashOp=0x00000000
[14:46:16.604]    __Result=0x00000000
[14:46:16.604]    
[14:46:16.604]    // User-defined
[14:46:16.604]    DbgMCU_CR=0x00000007
[14:46:16.604]    DbgMCU_APB1_Fz=0x00000000
[14:46:16.604]    DbgMCU_APB2_Fz=0x00000000
[14:46:16.604]    TraceClk_Pin=0x00040002
[14:46:16.604]    TraceD0_Pin=0x00040003
[14:46:16.604]    TraceD1_Pin=0x00040004
[14:46:16.604]    TraceD2_Pin=0x00040005
[14:46:16.604]    TraceD3_Pin=0x00040006
[14:46:16.604]  </debugvars>
[14:46:16.604]  
[14:46:16.604]  <sequence name="DebugDeviceUnlock" Pname="" disable="false" info="">
[14:46:16.604]    <block atomic="false" info="">
[14:46:16.604]      Sequence("CheckID");
[14:46:16.604]        <sequence name="CheckID" Pname="" disable="false" info="">
[14:46:16.604]          <block atomic="false" info="">
[14:46:16.604]            __var pidr1 = 0;
[14:46:16.604]              // -> [pidr1 <= 0x00000000]
[14:46:16.604]            __var pidr2 = 0;
[14:46:16.604]              // -> [pidr2 <= 0x00000000]
[14:46:16.604]            __var jep106id = 0;
[14:46:16.604]              // -> [jep106id <= 0x00000000]
[14:46:16.604]            __var ROMTableBase = 0;
[14:46:16.604]              // -> [ROMTableBase <= 0x00000000]
[14:46:16.604]            __ap = 0;      // AHB-AP
[14:46:16.604]              // -> [__ap <= 0x00000000]
[14:46:16.604]            ROMTableBase = ReadAP(0xF8) & ~0x3;
[14:46:16.604]              // -> [ReadAP(0x000000F8) => 0xE00FF003]   (__dp=0x00000000, __ap=0x00000000)
[14:46:16.604]              // -> [ROMTableBase <= 0xE00FF000]
[14:46:16.604]            pidr1 = Read32(ROMTableBase + 0x0FE4);
[14:46:16.615]              // -> [Read32(0xE00FFFE4) => 0x00000004]   (__dp=0x00000000, __ap=0x00000000)
[14:46:16.615]              // -> [pidr1 <= 0x00000004]
[14:46:16.615]            pidr2 = Read32(ROMTableBase + 0x0FE8);
[14:46:16.624]              // -> [Read32(0xE00FFFE8) => 0x0000000A]   (__dp=0x00000000, __ap=0x00000000)
[14:46:16.624]              // -> [pidr2 <= 0x0000000A]
[14:46:16.624]            jep106id = ((pidr2 & 0x7) << 4 ) | ((pidr1 >> 4) & 0xF);
[14:46:16.624]              // -> [jep106id <= 0x00000020]
[14:46:16.624]          </block>
[14:46:16.624]          <control if="jep106id != 0x20" while="" timeout="0" info="">
[14:46:16.624]            // if-block "jep106id != 0x20"
[14:46:16.624]              // =>  FALSE
[14:46:16.624]            // skip if-block "jep106id != 0x20"
[14:46:16.624]          </control>
[14:46:16.624]        </sequence>
[14:46:16.624]    </block>
[14:46:16.624]  </sequence>
[14:46:16.624]  
[14:46:16.753]  **********  Sequence "DebugCoreStart"  (Context="Target Access", Pname="", info="")
[14:46:16.753]  
[14:46:16.753]  <debugvars>
[14:46:16.753]    // Pre-defined
[14:46:16.759]    __protocol=0x00010002      (Protocol="SWD", SWJ-DP="True")
[14:46:16.759]    __connection=0x00000202    (Connection Type="Flash", Reset Type="System Reset")
[14:46:16.759]    __dp=0x00000000
[14:46:16.759]    __ap=0x00000000
[14:46:16.759]    __traceout=0x00000000      (Trace Disabled)
[14:46:16.759]    __errorcontrol=0x00000000  (Skip Errors="False")
[14:46:16.759]    __FlashAddr=0x00000000
[14:46:16.759]    __FlashLen=0x00000000
[14:46:16.759]    __FlashArg=0x00000000
[14:46:16.759]    __FlashOp=0x00000000
[14:46:16.759]    __Result=0x00000000
[14:46:16.759]    
[14:46:16.759]    // User-defined
[14:46:16.759]    DbgMCU_CR=0x00000007
[14:46:16.759]    DbgMCU_APB1_Fz=0x00000000
[14:46:16.759]    DbgMCU_APB2_Fz=0x00000000
[14:46:16.759]    TraceClk_Pin=0x00040002
[14:46:16.759]    TraceD0_Pin=0x00040003
[14:46:16.759]    TraceD1_Pin=0x00040004
[14:46:16.759]    TraceD2_Pin=0x00040005
[14:46:16.759]    TraceD3_Pin=0x00040006
[14:46:16.759]  </debugvars>
[14:46:16.759]  
[14:46:16.759]  <sequence name="DebugCoreStart" Pname="" disable="false" info="">
[14:46:16.759]    <block atomic="false" info="">
[14:46:16.759]      Write32(0xE000EDF0, 0xA05F0001);                                        // Enable Core Debug via DHCSR
[14:46:16.763]        // -> [Write32(0xE000EDF0, 0xA05F0001)]   (__dp=0x00000000, __ap=0x00000000)
[14:46:16.763]      Write32(0xE0042004, DbgMCU_CR);                                         // DBGMCU_CR: Configure MCU Debug
[14:46:16.774]        // -> [Write32(0xE0042004, 0x00000007)]   (__dp=0x00000000, __ap=0x00000000)
[14:46:16.774]      Write32(0xE0042008, DbgMCU_APB1_Fz);                                    // DBGMCU_APB1_FZ: Configure APB1 Peripheral Freeze Behavior
[14:46:16.775]        // -> [Write32(0xE0042008, 0x00000000)]   (__dp=0x00000000, __ap=0x00000000)
[14:46:16.775]      Write32(0xE004200C, DbgMCU_APB2_Fz);                                    // DBGMCU_APB1_FZ: Configure APB2 Peripheral Freeze Behavior
[14:46:16.783]        // -> [Write32(0xE004200C, 0x00000000)]   (__dp=0x00000000, __ap=0x00000000)
[14:46:16.783]    </block>
[14:46:16.783]  </sequence>
[14:46:16.783]  
