/*
 *  CMSIS Pack Debug Access Sequence Log
 *  File        : C:\Users\ische\Desktop\STM32F4_Template\Src_template\Project\STM32F4_Sequences_0010.log
 *  Created     : 17:37:38 (09/07/2023)
 *  Device      : STM32F407ZG
 *  PDSC File   : C:\Users\ische\AppData\Local\Arm\Packs\Keil\STM32F4xx_DFP\2.17.0\Keil.STM32F4xx_DFP.pdsc
 *  Config File : C:\Users\ische\Desktop\STM32F4_Template\Src_template\Project\DebugConfig\STM32F4_STM32F407ZG.dbgconf
 *
 */

[17:37:38.353]  **********  Sequence "DebugDeviceUnlock"  (Context="Connect", Pname="", info="")
[17:37:38.353]  
[17:37:38.354]  <debugvars>
[17:37:38.354]    // Pre-defined
[17:37:38.354]    __protocol=0x00010002      (Protocol="SWD", SWJ-DP="True")
[17:37:38.354]    __connection=0x00000202    (Connection Type="Flash", Reset Type="System Reset")
[17:37:38.354]    __dp=0x00000000
[17:37:38.354]    __ap=0x00000000
[17:37:38.354]    __traceout=0x00000000      (Trace Disabled)
[17:37:38.354]    __errorcontrol=0x00000000  (Skip Errors="False")
[17:37:38.354]    __FlashAddr=0x00000000
[17:37:38.354]    __FlashLen=0x00000000
[17:37:38.355]    __FlashArg=0x00000000
[17:37:38.355]    __FlashOp=0x00000000
[17:37:38.355]    __Result=0x00000000
[17:37:38.355]    
[17:37:38.355]    // User-defined
[17:37:38.355]    DbgMCU_CR=0x00000007
[17:37:38.355]    DbgMCU_APB1_Fz=0x00000000
[17:37:38.355]    DbgMCU_APB2_Fz=0x00000000
[17:37:38.355]    TraceClk_Pin=0x00040002
[17:37:38.355]    TraceD0_Pin=0x00040003
[17:37:38.355]    TraceD1_Pin=0x00040004
[17:37:38.355]    TraceD2_Pin=0x00040005
[17:37:38.355]    TraceD3_Pin=0x00040006
[17:37:38.355]  </debugvars>
[17:37:38.355]  
[17:37:38.356]  <sequence name="DebugDeviceUnlock" Pname="" disable="false" info="">
[17:37:38.356]    <block atomic="false" info="">
[17:37:38.356]      Sequence("CheckID");
[17:37:38.356]        <sequence name="CheckID" Pname="" disable="false" info="">
[17:37:38.356]          <block atomic="false" info="">
[17:37:38.356]            __var pidr1 = 0;
[17:37:38.356]              // -> [pidr1 <= 0x00000000]
[17:37:38.356]            __var pidr2 = 0;
[17:37:38.356]              // -> [pidr2 <= 0x00000000]
[17:37:38.356]            __var jep106id = 0;
[17:37:38.356]              // -> [jep106id <= 0x00000000]
[17:37:38.356]            __var ROMTableBase = 0;
[17:37:38.356]              // -> [ROMTableBase <= 0x00000000]
[17:37:38.357]            __ap = 0;      // AHB-AP
[17:37:38.357]              // -> [__ap <= 0x00000000]
[17:37:38.357]            ROMTableBase = ReadAP(0xF8) & ~0x3;
[17:37:38.361]              // -> [ReadAP(0x000000F8) => 0xE00FF003]   (__dp=0x00000000, __ap=0x00000000)
[17:37:38.361]              // -> [ROMTableBase <= 0xE00FF000]
[17:37:38.362]            pidr1 = Read32(ROMTableBase + 0x0FE4);
[17:37:38.369]              // -> [Read32(0xE00FFFE4) => 0x00000004]   (__dp=0x00000000, __ap=0x00000000)
[17:37:38.370]              // -> [pidr1 <= 0x00000004]
[17:37:38.370]            pidr2 = Read32(ROMTableBase + 0x0FE8);
[17:37:38.376]              // -> [Read32(0xE00FFFE8) => 0x0000000A]   (__dp=0x00000000, __ap=0x00000000)
[17:37:38.376]              // -> [pidr2 <= 0x0000000A]
[17:37:38.377]            jep106id = ((pidr2 & 0x7) << 4 ) | ((pidr1 >> 4) & 0xF);
[17:37:38.377]              // -> [jep106id <= 0x00000020]
[17:37:38.377]          </block>
[17:37:38.377]          <control if="jep106id != 0x20" while="" timeout="0" info="">
[17:37:38.377]            // if-block "jep106id != 0x20"
[17:37:38.377]              // =>  FALSE
[17:37:38.377]            // skip if-block "jep106id != 0x20"
[17:37:38.377]          </control>
[17:37:38.377]        </sequence>
[17:37:38.377]    </block>
[17:37:38.377]  </sequence>
[17:37:38.377]  
[17:37:38.512]  **********  Sequence "DebugCoreStart"  (Context="Target Access", Pname="", info="")
[17:37:38.512]  
[17:37:38.512]  <debugvars>
[17:37:38.512]    // Pre-defined
[17:37:38.512]    __protocol=0x00010002      (Protocol="SWD", SWJ-DP="True")
[17:37:38.512]    __connection=0x00000202    (Connection Type="Flash", Reset Type="System Reset")
[17:37:38.512]    __dp=0x00000000
[17:37:38.513]    __ap=0x00000000
[17:37:38.513]    __traceout=0x00000000      (Trace Disabled)
[17:37:38.513]    __errorcontrol=0x00000000  (Skip Errors="False")
[17:37:38.513]    __FlashAddr=0x00000000
[17:37:38.513]    __FlashLen=0x00000000
[17:37:38.513]    __FlashArg=0x00000000
[17:37:38.513]    __FlashOp=0x00000000
[17:37:38.513]    __Result=0x00000000
[17:37:38.513]    
[17:37:38.513]    // User-defined
[17:37:38.513]    DbgMCU_CR=0x00000007
[17:37:38.513]    DbgMCU_APB1_Fz=0x00000000
[17:37:38.513]    DbgMCU_APB2_Fz=0x00000000
[17:37:38.514]    TraceClk_Pin=0x00040002
[17:37:38.514]    TraceD0_Pin=0x00040003
[17:37:38.514]    TraceD1_Pin=0x00040004
[17:37:38.514]    TraceD2_Pin=0x00040005
[17:37:38.514]    TraceD3_Pin=0x00040006
[17:37:38.514]  </debugvars>
[17:37:38.514]  
[17:37:38.514]  <sequence name="DebugCoreStart" Pname="" disable="false" info="">
[17:37:38.514]    <block atomic="false" info="">
[17:37:38.514]      Write32(0xE000EDF0, 0xA05F0001);                                        // Enable Core Debug via DHCSR
[17:37:38.521]        // -> [Write32(0xE000EDF0, 0xA05F0001)]   (__dp=0x00000000, __ap=0x00000000)
[17:37:38.521]      Write32(0xE0042004, DbgMCU_CR);                                         // DBGMCU_CR: Configure MCU Debug
[17:37:38.528]        // -> [Write32(0xE0042004, 0x00000007)]   (__dp=0x00000000, __ap=0x00000000)
[17:37:38.528]      Write32(0xE0042008, DbgMCU_APB1_Fz);                                    // DBGMCU_APB1_FZ: Configure APB1 Peripheral Freeze Behavior
[17:37:38.534]        // -> [Write32(0xE0042008, 0x00000000)]   (__dp=0x00000000, __ap=0x00000000)
[17:37:38.534]      Write32(0xE004200C, DbgMCU_APB2_Fz);                                    // DBGMCU_APB1_FZ: Configure APB2 Peripheral Freeze Behavior
[17:37:38.540]        // -> [Write32(0xE004200C, 0x00000000)]   (__dp=0x00000000, __ap=0x00000000)
[17:37:38.540]    </block>
[17:37:38.540]  </sequence>
[17:37:38.540]  
[17:42:28.529]  **********  Sequence "DebugDeviceUnlock"  (Context="Connect", Pname="", info="")
[17:42:28.530]  
[17:42:28.530]  <debugvars>
[17:42:28.530]    // Pre-defined
[17:42:28.530]    __protocol=0x00010002      (Protocol="SWD", SWJ-DP="True")
[17:42:28.530]    __connection=0x00000202    (Connection Type="Flash", Reset Type="System Reset")
[17:42:28.530]    __dp=0x00000000
[17:42:28.530]    __ap=0x00000000
[17:42:28.530]    __traceout=0x00000000      (Trace Disabled)
[17:42:28.530]    __errorcontrol=0x00000000  (Skip Errors="False")
[17:42:28.530]    __FlashAddr=0x00000000
[17:42:28.530]    __FlashLen=0x00000000
[17:42:28.530]    __FlashArg=0x00000000
[17:42:28.530]    __FlashOp=0x00000000
[17:42:28.530]    __Result=0x00000000
[17:42:28.530]    
[17:42:28.530]    // User-defined
[17:42:28.530]    DbgMCU_CR=0x00000007
[17:42:28.530]    DbgMCU_APB1_Fz=0x00000000
[17:42:28.530]    DbgMCU_APB2_Fz=0x00000000
[17:42:28.530]    TraceClk_Pin=0x00040002
[17:42:28.531]    TraceD0_Pin=0x00040003
[17:42:28.531]    TraceD1_Pin=0x00040004
[17:42:28.531]    TraceD2_Pin=0x00040005
[17:42:28.531]    TraceD3_Pin=0x00040006
[17:42:28.531]  </debugvars>
[17:42:28.531]  
[17:42:28.531]  <sequence name="DebugDeviceUnlock" Pname="" disable="false" info="">
[17:42:28.531]    <block atomic="false" info="">
[17:42:28.531]      Sequence("CheckID");
[17:42:28.531]        <sequence name="CheckID" Pname="" disable="false" info="">
[17:42:28.531]          <block atomic="false" info="">
[17:42:28.532]            __var pidr1 = 0;
[17:42:28.532]              // -> [pidr1 <= 0x00000000]
[17:42:28.532]            __var pidr2 = 0;
[17:42:28.532]              // -> [pidr2 <= 0x00000000]
[17:42:28.532]            __var jep106id = 0;
[17:42:28.532]              // -> [jep106id <= 0x00000000]
[17:42:28.532]            __var ROMTableBase = 0;
[17:42:28.532]              // -> [ROMTableBase <= 0x00000000]
[17:42:28.532]            __ap = 0;      // AHB-AP
[17:42:28.532]              // -> [__ap <= 0x00000000]
[17:42:28.532]            ROMTableBase = ReadAP(0xF8) & ~0x3;
[17:42:28.537]              // -> [ReadAP(0x000000F8) => 0xE00FF003]   (__dp=0x00000000, __ap=0x00000000)
[17:42:28.537]              // -> [ROMTableBase <= 0xE00FF000]
[17:42:28.537]            pidr1 = Read32(ROMTableBase + 0x0FE4);
[17:42:28.546]              // -> [Read32(0xE00FFFE4) => 0x00000004]   (__dp=0x00000000, __ap=0x00000000)
[17:42:28.546]              // -> [pidr1 <= 0x00000004]
[17:42:28.546]            pidr2 = Read32(ROMTableBase + 0x0FE8);
[17:42:28.552]              // -> [Read32(0xE00FFFE8) => 0x0000000A]   (__dp=0x00000000, __ap=0x00000000)
[17:42:28.552]              // -> [pidr2 <= 0x0000000A]
[17:42:28.552]            jep106id = ((pidr2 & 0x7) << 4 ) | ((pidr1 >> 4) & 0xF);
[17:42:28.552]              // -> [jep106id <= 0x00000020]
[17:42:28.552]          </block>
[17:42:28.552]          <control if="jep106id != 0x20" while="" timeout="0" info="">
[17:42:28.552]            // if-block "jep106id != 0x20"
[17:42:28.552]              // =>  FALSE
[17:42:28.552]            // skip if-block "jep106id != 0x20"
[17:42:28.552]          </control>
[17:42:28.552]        </sequence>
[17:42:28.553]    </block>
[17:42:28.553]  </sequence>
[17:42:28.553]  
[17:42:28.687]  **********  Sequence "DebugCoreStart"  (Context="Target Access", Pname="", info="")
[17:42:28.687]  
[17:42:28.687]  <debugvars>
[17:42:28.687]    // Pre-defined
[17:42:28.687]    __protocol=0x00010002      (Protocol="SWD", SWJ-DP="True")
[17:42:28.688]    __connection=0x00000202    (Connection Type="Flash", Reset Type="System Reset")
[17:42:28.688]    __dp=0x00000000
[17:42:28.688]    __ap=0x00000000
[17:42:28.688]    __traceout=0x00000000      (Trace Disabled)
[17:42:28.688]    __errorcontrol=0x00000000  (Skip Errors="False")
[17:42:28.688]    __FlashAddr=0x00000000
[17:42:28.688]    __FlashLen=0x00000000
[17:42:28.688]    __FlashArg=0x00000000
[17:42:28.688]    __FlashOp=0x00000000
[17:42:28.688]    __Result=0x00000000
[17:42:28.688]    
[17:42:28.688]    // User-defined
[17:42:28.688]    DbgMCU_CR=0x00000007
[17:42:28.688]    DbgMCU_APB1_Fz=0x00000000
[17:42:28.688]    DbgMCU_APB2_Fz=0x00000000
[17:42:28.689]    TraceClk_Pin=0x00040002
[17:42:28.689]    TraceD0_Pin=0x00040003
[17:42:28.689]    TraceD1_Pin=0x00040004
[17:42:28.689]    TraceD2_Pin=0x00040005
[17:42:28.689]    TraceD3_Pin=0x00040006
[17:42:28.689]  </debugvars>
[17:42:28.689]  
[17:42:28.689]  <sequence name="DebugCoreStart" Pname="" disable="false" info="">
[17:42:28.689]    <block atomic="false" info="">
[17:42:28.689]      Write32(0xE000EDF0, 0xA05F0001);                                        // Enable Core Debug via DHCSR
[17:42:28.695]        // -> [Write32(0xE000EDF0, 0xA05F0001)]   (__dp=0x00000000, __ap=0x00000000)
[17:42:28.695]      Write32(0xE0042004, DbgMCU_CR);                                         // DBGMCU_CR: Configure MCU Debug
[17:42:28.703]        // -> [Write32(0xE0042004, 0x00000007)]   (__dp=0x00000000, __ap=0x00000000)
[17:42:28.703]      Write32(0xE0042008, DbgMCU_APB1_Fz);                                    // DBGMCU_APB1_FZ: Configure APB1 Peripheral Freeze Behavior
[17:42:28.709]        // -> [Write32(0xE0042008, 0x00000000)]   (__dp=0x00000000, __ap=0x00000000)
[17:42:28.710]      Write32(0xE004200C, DbgMCU_APB2_Fz);                                    // DBGMCU_APB1_FZ: Configure APB2 Peripheral Freeze Behavior
[17:42:28.715]        // -> [Write32(0xE004200C, 0x00000000)]   (__dp=0x00000000, __ap=0x00000000)
[17:42:28.715]    </block>
[17:42:28.715]  </sequence>
[17:42:28.715]  
