/*
 *  CMSIS Pack Debug Access Sequence Log
 *  File        : C:\Users\ische\Desktop\STM32F4_Template\Src_template\Project\STM32F4_Sequences_0001.log
 *  Created     : 14:40:59 (23/07/2023)
 *  Device      : STM32F407ZG
 *  PDSC File   : C:/Users/ische/AppData/Local/Arm/Packs/Keil/STM32F4xx_DFP/2.17.0/Keil.STM32F4xx_DFP.pdsc
 *  Config File : C:\Users\ische\Desktop\STM32F4_Template\Src_template\Project\DebugConfig\STM32F4_STM32F407ZG.dbgconf
 *
 */

[14:40:59.732]  **********  Sequence "DebugDeviceUnlock"  (Context="Connect", Pname="", info="")
[14:40:59.732]  
[14:40:59.733]  <debugvars>
[14:40:59.733]    // Pre-defined
[14:40:59.733]    __protocol=0x00010002      (Protocol="SWD", SWJ-DP="True")
[14:40:59.734]    __connection=0x00000202    (Connection Type="Flash", Reset Type="System Reset")
[14:40:59.734]    __dp=0x00000000
[14:40:59.734]    __ap=0x00000000
[14:40:59.734]    __traceout=0x00000000      (Trace Disabled)
[14:40:59.734]    __errorcontrol=0x00000000  (Skip Errors="False")
[14:40:59.734]    __FlashAddr=0x00000000
[14:40:59.734]    __FlashLen=0x00000000
[14:40:59.734]    __FlashArg=0x00000000
[14:40:59.734]    __FlashOp=0x00000000
[14:40:59.734]    __Result=0x00000000
[14:40:59.734]    
[14:40:59.734]    // User-defined
[14:40:59.734]    DbgMCU_CR=0x00000007
[14:40:59.734]    DbgMCU_APB1_Fz=0x00000000
[14:40:59.734]    DbgMCU_APB2_Fz=0x00000000
[14:40:59.735]    TraceClk_Pin=0x00040002
[14:40:59.735]    TraceD0_Pin=0x00040003
[14:40:59.735]    TraceD1_Pin=0x00040004
[14:40:59.735]    TraceD2_Pin=0x00040005
[14:40:59.735]    TraceD3_Pin=0x00040006
[14:40:59.735]  </debugvars>
[14:40:59.735]  
[14:40:59.735]  <sequence name="DebugDeviceUnlock" Pname="" disable="false" info="">
[14:40:59.735]    <block atomic="false" info="">
[14:40:59.735]      Sequence("CheckID");
[14:40:59.735]        <sequence name="CheckID" Pname="" disable="false" info="">
[14:40:59.735]          <block atomic="false" info="">
[14:40:59.735]            __var pidr1 = 0;
[14:40:59.735]              // -> [pidr1 <= 0x00000000]
[14:40:59.736]            __var pidr2 = 0;
[14:40:59.736]              // -> [pidr2 <= 0x00000000]
[14:40:59.736]            __var jep106id = 0;
[14:40:59.736]              // -> [jep106id <= 0x00000000]
[14:40:59.736]            __var ROMTableBase = 0;
[14:40:59.736]              // -> [ROMTableBase <= 0x00000000]
[14:40:59.736]            __ap = 0;      // AHB-AP
[14:40:59.736]              // -> [__ap <= 0x00000000]
[14:40:59.736]            ROMTableBase = ReadAP(0xF8) & ~0x3;
[14:40:59.740]              // -> [ReadAP(0x000000F8) => 0xE00FF003]   (__dp=0x00000000, __ap=0x00000000)
[14:40:59.740]              // -> [ROMTableBase <= 0xE00FF000]
[14:40:59.740]            pidr1 = Read32(ROMTableBase + 0x0FE4);
[14:40:59.749]              // -> [Read32(0xE00FFFE4) => 0x00000004]   (__dp=0x00000000, __ap=0x00000000)
[14:40:59.749]              // -> [pidr1 <= 0x00000004]
[14:40:59.749]            pidr2 = Read32(ROMTableBase + 0x0FE8);
[14:40:59.755]              // -> [Read32(0xE00FFFE8) => 0x0000000A]   (__dp=0x00000000, __ap=0x00000000)
[14:40:59.755]              // -> [pidr2 <= 0x0000000A]
[14:40:59.755]            jep106id = ((pidr2 & 0x7) << 4 ) | ((pidr1 >> 4) & 0xF);
[14:40:59.755]              // -> [jep106id <= 0x00000020]
[14:40:59.755]          </block>
[14:40:59.755]          <control if="jep106id != 0x20" while="" timeout="0" info="">
[14:40:59.755]            // if-block "jep106id != 0x20"
[14:40:59.755]              // =>  FALSE
[14:40:59.756]            // skip if-block "jep106id != 0x20"
[14:40:59.756]          </control>
[14:40:59.756]        </sequence>
[14:40:59.756]    </block>
[14:40:59.756]  </sequence>
[14:40:59.756]  
[14:40:59.890]  **********  Sequence "DebugCoreStart"  (Context="Target Access", Pname="", info="")
[14:40:59.890]  
[14:40:59.890]  <debugvars>
[14:40:59.890]    // Pre-defined
[14:40:59.890]    __protocol=0x00010002      (Protocol="SWD", SWJ-DP="True")
[14:40:59.890]    __connection=0x00000202    (Connection Type="Flash", Reset Type="System Reset")
[14:40:59.891]    __dp=0x00000000
[14:40:59.891]    __ap=0x00000000
[14:40:59.891]    __traceout=0x00000000      (Trace Disabled)
[14:40:59.891]    __errorcontrol=0x00000000  (Skip Errors="False")
[14:40:59.891]    __FlashAddr=0x00000000
[14:40:59.891]    __FlashLen=0x00000000
[14:40:59.891]    __FlashArg=0x00000000
[14:40:59.891]    __FlashOp=0x00000000
[14:40:59.892]    __Result=0x00000000
[14:40:59.892]    
[14:40:59.892]    // User-defined
[14:40:59.892]    DbgMCU_CR=0x00000007
[14:40:59.892]    DbgMCU_APB1_Fz=0x00000000
[14:40:59.892]    DbgMCU_APB2_Fz=0x00000000
[14:40:59.892]    TraceClk_Pin=0x00040002
[14:40:59.892]    TraceD0_Pin=0x00040003
[14:40:59.892]    TraceD1_Pin=0x00040004
[14:40:59.892]    TraceD2_Pin=0x00040005
[14:40:59.892]    TraceD3_Pin=0x00040006
[14:40:59.893]  </debugvars>
[14:40:59.893]  
[14:40:59.893]  <sequence name="DebugCoreStart" Pname="" disable="false" info="">
[14:40:59.893]    <block atomic="false" info="">
[14:40:59.893]      Write32(0xE000EDF0, 0xA05F0001);                                        // Enable Core Debug via DHCSR
[14:40:59.900]        // -> [Write32(0xE000EDF0, 0xA05F0001)]   (__dp=0x00000000, __ap=0x00000000)
[14:40:59.901]      Write32(0xE0042004, DbgMCU_CR);                                         // DBGMCU_CR: Configure MCU Debug
[14:40:59.907]        // -> [Write32(0xE0042004, 0x00000007)]   (__dp=0x00000000, __ap=0x00000000)
[14:40:59.908]      Write32(0xE0042008, DbgMCU_APB1_Fz);                                    // DBGMCU_APB1_FZ: Configure APB1 Peripheral Freeze Behavior
[14:40:59.913]        // -> [Write32(0xE0042008, 0x00000000)]   (__dp=0x00000000, __ap=0x00000000)
[14:40:59.914]      Write32(0xE004200C, DbgMCU_APB2_Fz);                                    // DBGMCU_APB1_FZ: Configure APB2 Peripheral Freeze Behavior
[14:40:59.920]        // -> [Write32(0xE004200C, 0x00000000)]   (__dp=0x00000000, __ap=0x00000000)
[14:40:59.921]    </block>
[14:40:59.921]  </sequence>
[14:40:59.921]  
[14:41:20.997]  **********  Sequence "DebugDeviceUnlock"  (Context="Connect", Pname="", info="")
[14:41:20.997]  
[14:41:20.998]  <debugvars>
[14:41:20.998]    // Pre-defined
[14:41:20.998]    __protocol=0x00010002      (Protocol="SWD", SWJ-DP="True")
[14:41:20.998]    __connection=0x00000202    (Connection Type="Flash", Reset Type="System Reset")
[14:41:20.998]    __dp=0x00000000
[14:41:20.998]    __ap=0x00000000
[14:41:20.998]    __traceout=0x00000000      (Trace Disabled)
[14:41:20.998]    __errorcontrol=0x00000000  (Skip Errors="False")
[14:41:20.998]    __FlashAddr=0x00000000
[14:41:20.999]    __FlashLen=0x00000000
[14:41:20.999]    __FlashArg=0x00000000
[14:41:20.999]    __FlashOp=0x00000000
[14:41:20.999]    __Result=0x00000000
[14:41:20.999]    
[14:41:20.999]    // User-defined
[14:41:20.999]    DbgMCU_CR=0x00000007
[14:41:20.999]    DbgMCU_APB1_Fz=0x00000000
[14:41:20.999]    DbgMCU_APB2_Fz=0x00000000
[14:41:20.999]    TraceClk_Pin=0x00040002
[14:41:20.999]    TraceD0_Pin=0x00040003
[14:41:20.999]    TraceD1_Pin=0x00040004
[14:41:20.999]    TraceD2_Pin=0x00040005
[14:41:21.000]    TraceD3_Pin=0x00040006
[14:41:21.000]  </debugvars>
[14:41:21.000]  
[14:41:21.000]  <sequence name="DebugDeviceUnlock" Pname="" disable="false" info="">
[14:41:21.000]    <block atomic="false" info="">
[14:41:21.000]      Sequence("CheckID");
[14:41:21.000]        <sequence name="CheckID" Pname="" disable="false" info="">
[14:41:21.000]          <block atomic="false" info="">
[14:41:21.000]            __var pidr1 = 0;
[14:41:21.000]              // -> [pidr1 <= 0x00000000]
[14:41:21.000]            __var pidr2 = 0;
[14:41:21.000]              // -> [pidr2 <= 0x00000000]
[14:41:21.000]            __var jep106id = 0;
[14:41:21.000]              // -> [jep106id <= 0x00000000]
[14:41:21.000]            __var ROMTableBase = 0;
[14:41:21.001]              // -> [ROMTableBase <= 0x00000000]
[14:41:21.001]            __ap = 0;      // AHB-AP
[14:41:21.001]              // -> [__ap <= 0x00000000]
[14:41:21.001]            ROMTableBase = ReadAP(0xF8) & ~0x3;
[14:41:21.005]              // -> [ReadAP(0x000000F8) => 0xE00FF003]   (__dp=0x00000000, __ap=0x00000000)
[14:41:21.006]              // -> [ROMTableBase <= 0xE00FF000]
[14:41:21.006]            pidr1 = Read32(ROMTableBase + 0x0FE4);
[14:41:21.014]              // -> [Read32(0xE00FFFE4) => 0x00000004]   (__dp=0x00000000, __ap=0x00000000)
[14:41:21.014]              // -> [pidr1 <= 0x00000004]
[14:41:21.014]            pidr2 = Read32(ROMTableBase + 0x0FE8);
[14:41:21.021]              // -> [Read32(0xE00FFFE8) => 0x0000000A]   (__dp=0x00000000, __ap=0x00000000)
[14:41:21.021]              // -> [pidr2 <= 0x0000000A]
[14:41:21.021]            jep106id = ((pidr2 & 0x7) << 4 ) | ((pidr1 >> 4) & 0xF);
[14:41:21.021]              // -> [jep106id <= 0x00000020]
[14:41:21.021]          </block>
[14:41:21.021]          <control if="jep106id != 0x20" while="" timeout="0" info="">
[14:41:21.021]            // if-block "jep106id != 0x20"
[14:41:21.021]              // =>  FALSE
[14:41:21.021]            // skip if-block "jep106id != 0x20"
[14:41:21.021]          </control>
[14:41:21.021]        </sequence>
[14:41:21.021]    </block>
[14:41:21.021]  </sequence>
[14:41:21.022]  
[14:41:21.156]  **********  Sequence "DebugCoreStart"  (Context="Target Access", Pname="", info="")
[14:41:21.156]  
[14:41:21.156]  <debugvars>
[14:41:21.156]    // Pre-defined
[14:41:21.157]    __protocol=0x00010002      (Protocol="SWD", SWJ-DP="True")
[14:41:21.157]    __connection=0x00000202    (Connection Type="Flash", Reset Type="System Reset")
[14:41:21.157]    __dp=0x00000000
[14:41:21.157]    __ap=0x00000000
[14:41:21.157]    __traceout=0x00000000      (Trace Disabled)
[14:41:21.157]    __errorcontrol=0x00000000  (Skip Errors="False")
[14:41:21.157]    __FlashAddr=0x00000000
[14:41:21.157]    __FlashLen=0x00000000
[14:41:21.158]    __FlashArg=0x00000000
[14:41:21.158]    __FlashOp=0x00000000
[14:41:21.158]    __Result=0x00000000
[14:41:21.158]    
[14:41:21.158]    // User-defined
[14:41:21.158]    DbgMCU_CR=0x00000007
[14:41:21.158]    DbgMCU_APB1_Fz=0x00000000
[14:41:21.158]    DbgMCU_APB2_Fz=0x00000000
[14:41:21.158]    TraceClk_Pin=0x00040002
[14:41:21.158]    TraceD0_Pin=0x00040003
[14:41:21.158]    TraceD1_Pin=0x00040004
[14:41:21.158]    TraceD2_Pin=0x00040005
[14:41:21.158]    TraceD3_Pin=0x00040006
[14:41:21.158]  </debugvars>
[14:41:21.158]  
[14:41:21.159]  <sequence name="DebugCoreStart" Pname="" disable="false" info="">
[14:41:21.159]    <block atomic="false" info="">
[14:41:21.159]      Write32(0xE000EDF0, 0xA05F0001);                                        // Enable Core Debug via DHCSR
[14:41:21.165]        // -> [Write32(0xE000EDF0, 0xA05F0001)]   (__dp=0x00000000, __ap=0x00000000)
[14:41:21.165]      Write32(0xE0042004, DbgMCU_CR);                                         // DBGMCU_CR: Configure MCU Debug
[14:41:21.171]        // -> [Write32(0xE0042004, 0x00000007)]   (__dp=0x00000000, __ap=0x00000000)
[14:41:21.171]      Write32(0xE0042008, DbgMCU_APB1_Fz);                                    // DBGMCU_APB1_FZ: Configure APB1 Peripheral Freeze Behavior
[14:41:21.177]        // -> [Write32(0xE0042008, 0x00000000)]   (__dp=0x00000000, __ap=0x00000000)
[14:41:21.177]      Write32(0xE004200C, DbgMCU_APB2_Fz);                                    // DBGMCU_APB1_FZ: Configure APB2 Peripheral Freeze Behavior
[14:41:21.183]        // -> [Write32(0xE004200C, 0x00000000)]   (__dp=0x00000000, __ap=0x00000000)
[14:41:21.184]    </block>
[14:41:21.184]  </sequence>
[14:41:21.184]  
[14:42:00.760]  **********  Sequence "DebugDeviceUnlock"  (Context="Connect", Pname="", info="")
[14:42:00.760]  
[14:42:00.760]  <debugvars>
[14:42:00.760]    // Pre-defined
[14:42:00.760]    __protocol=0x00010002      (Protocol="SWD", SWJ-DP="True")
[14:42:00.761]    __connection=0x00000202    (Connection Type="Flash", Reset Type="System Reset")
[14:42:00.761]    __dp=0x00000000
[14:42:00.761]    __ap=0x00000000
[14:42:00.761]    __traceout=0x00000000      (Trace Disabled)
[14:42:00.761]    __errorcontrol=0x00000000  (Skip Errors="False")
[14:42:00.761]    __FlashAddr=0x00000000
[14:42:00.761]    __FlashLen=0x00000000
[14:42:00.761]    __FlashArg=0x00000000
[14:42:00.761]    __FlashOp=0x00000000
[14:42:00.761]    __Result=0x00000000
[14:42:00.761]    
[14:42:00.761]    // User-defined
[14:42:00.761]    DbgMCU_CR=0x00000007
[14:42:00.762]    DbgMCU_APB1_Fz=0x00000000
[14:42:00.762]    DbgMCU_APB2_Fz=0x00000000
[14:42:00.762]    TraceClk_Pin=0x00040002
[14:42:00.762]    TraceD0_Pin=0x00040003
[14:42:00.762]    TraceD1_Pin=0x00040004
[14:42:00.762]    TraceD2_Pin=0x00040005
[14:42:00.762]    TraceD3_Pin=0x00040006
[14:42:00.762]  </debugvars>
[14:42:00.763]  
[14:42:00.763]  <sequence name="DebugDeviceUnlock" Pname="" disable="false" info="">
[14:42:00.763]    <block atomic="false" info="">
[14:42:00.763]      Sequence("CheckID");
[14:42:00.763]        <sequence name="CheckID" Pname="" disable="false" info="">
[14:42:00.763]          <block atomic="false" info="">
[14:42:00.763]            __var pidr1 = 0;
[14:42:00.763]              // -> [pidr1 <= 0x00000000]
[14:42:00.763]            __var pidr2 = 0;
[14:42:00.763]              // -> [pidr2 <= 0x00000000]
[14:42:00.763]            __var jep106id = 0;
[14:42:00.764]              // -> [jep106id <= 0x00000000]
[14:42:00.764]            __var ROMTableBase = 0;
[14:42:00.764]              // -> [ROMTableBase <= 0x00000000]
[14:42:00.764]            __ap = 0;      // AHB-AP
[14:42:00.764]              // -> [__ap <= 0x00000000]
[14:42:00.764]            ROMTableBase = ReadAP(0xF8) & ~0x3;
[14:42:00.768]              // -> [ReadAP(0x000000F8) => 0xE00FF003]   (__dp=0x00000000, __ap=0x00000000)
[14:42:00.768]              // -> [ROMTableBase <= 0xE00FF000]
[14:42:00.768]            pidr1 = Read32(ROMTableBase + 0x0FE4);
[14:42:00.776]              // -> [Read32(0xE00FFFE4) => 0x00000004]   (__dp=0x00000000, __ap=0x00000000)
[14:42:00.777]              // -> [pidr1 <= 0x00000004]
[14:42:00.777]            pidr2 = Read32(ROMTableBase + 0x0FE8);
[14:42:00.783]              // -> [Read32(0xE00FFFE8) => 0x0000000A]   (__dp=0x00000000, __ap=0x00000000)
[14:42:00.784]              // -> [pidr2 <= 0x0000000A]
[14:42:00.784]            jep106id = ((pidr2 & 0x7) << 4 ) | ((pidr1 >> 4) & 0xF);
[14:42:00.784]              // -> [jep106id <= 0x00000020]
[14:42:00.784]          </block>
[14:42:00.784]          <control if="jep106id != 0x20" while="" timeout="0" info="">
[14:42:00.784]            // if-block "jep106id != 0x20"
[14:42:00.784]              // =>  FALSE
[14:42:00.784]            // skip if-block "jep106id != 0x20"
[14:42:00.784]          </control>
[14:42:00.784]        </sequence>
[14:42:00.784]    </block>
[14:42:00.784]  </sequence>
[14:42:00.784]  
[14:42:00.918]  **********  Sequence "DebugCoreStart"  (Context="Target Access", Pname="", info="")
[14:42:00.918]  
[14:42:00.919]  <debugvars>
[14:42:00.919]    // Pre-defined
[14:42:00.919]    __protocol=0x00010002      (Protocol="SWD", SWJ-DP="True")
[14:42:00.919]    __connection=0x00000202    (Connection Type="Flash", Reset Type="System Reset")
[14:42:00.919]    __dp=0x00000000
[14:42:00.919]    __ap=0x00000000
[14:42:00.919]    __traceout=0x00000000      (Trace Disabled)
[14:42:00.920]    __errorcontrol=0x00000000  (Skip Errors="False")
[14:42:00.920]    __FlashAddr=0x00000000
[14:42:00.920]    __FlashLen=0x00000000
[14:42:00.920]    __FlashArg=0x00000000
[14:42:00.920]    __FlashOp=0x00000000
[14:42:00.920]    __Result=0x00000000
[14:42:00.920]    
[14:42:00.920]    // User-defined
[14:42:00.920]    DbgMCU_CR=0x00000007
[14:42:00.920]    DbgMCU_APB1_Fz=0x00000000
[14:42:00.921]    DbgMCU_APB2_Fz=0x00000000
[14:42:00.921]    TraceClk_Pin=0x00040002
[14:42:00.921]    TraceD0_Pin=0x00040003
[14:42:00.921]    TraceD1_Pin=0x00040004
[14:42:00.921]    TraceD2_Pin=0x00040005
[14:42:00.921]    TraceD3_Pin=0x00040006
[14:42:00.921]  </debugvars>
[14:42:00.921]  
[14:42:00.921]  <sequence name="DebugCoreStart" Pname="" disable="false" info="">
[14:42:00.921]    <block atomic="false" info="">
[14:42:00.921]      Write32(0xE000EDF0, 0xA05F0001);                                        // Enable Core Debug via DHCSR
[14:42:00.927]        // -> [Write32(0xE000EDF0, 0xA05F0001)]   (__dp=0x00000000, __ap=0x00000000)
[14:42:00.927]      Write32(0xE0042004, DbgMCU_CR);                                         // DBGMCU_CR: Configure MCU Debug
[14:42:00.933]        // -> [Write32(0xE0042004, 0x00000007)]   (__dp=0x00000000, __ap=0x00000000)
[14:42:00.933]      Write32(0xE0042008, DbgMCU_APB1_Fz);                                    // DBGMCU_APB1_FZ: Configure APB1 Peripheral Freeze Behavior
[14:42:00.939]        // -> [Write32(0xE0042008, 0x00000000)]   (__dp=0x00000000, __ap=0x00000000)
[14:42:00.939]      Write32(0xE004200C, DbgMCU_APB2_Fz);                                    // DBGMCU_APB1_FZ: Configure APB2 Peripheral Freeze Behavior
[14:42:00.946]        // -> [Write32(0xE004200C, 0x00000000)]   (__dp=0x00000000, __ap=0x00000000)
[14:42:00.946]    </block>
[14:42:00.946]  </sequence>
[14:42:00.946]  
[14:43:13.466]  **********  Sequence "DebugDeviceUnlock"  (Context="Connect", Pname="", info="")
[14:43:13.466]  
[14:43:13.466]  <debugvars>
[14:43:13.467]    // Pre-defined
[14:43:13.467]    __protocol=0x00010002      (Protocol="SWD", SWJ-DP="True")
[14:43:13.467]    __connection=0x00000102    (Connection Type="Flash", Reset Type="Hardware Reset")
[14:43:13.467]    __dp=0x00000000
[14:43:13.467]    __ap=0x00000000
[14:43:13.467]    __traceout=0x00000000      (Trace Disabled)
[14:43:13.467]    __errorcontrol=0x00000000  (Skip Errors="False")
[14:43:13.467]    __FlashAddr=0x00000000
[14:43:13.467]    __FlashLen=0x00000000
[14:43:13.467]    __FlashArg=0x00000000
[14:43:13.467]    __FlashOp=0x00000000
[14:43:13.468]    __Result=0x00000000
[14:43:13.468]    
[14:43:13.468]    // User-defined
[14:43:13.468]    DbgMCU_CR=0x00000007
[14:43:13.468]    DbgMCU_APB1_Fz=0x00000000
[14:43:13.468]    DbgMCU_APB2_Fz=0x00000000
[14:43:13.468]    TraceClk_Pin=0x00040002
[14:43:13.468]    TraceD0_Pin=0x00040003
[14:43:13.468]    TraceD1_Pin=0x00040004
[14:43:13.468]    TraceD2_Pin=0x00040005
[14:43:13.468]    TraceD3_Pin=0x00040006
[14:43:13.468]  </debugvars>
[14:43:13.468]  
[14:43:13.468]  <sequence name="DebugDeviceUnlock" Pname="" disable="false" info="">
[14:43:13.468]    <block atomic="false" info="">
[14:43:13.468]      Sequence("CheckID");
[14:43:13.468]        <sequence name="CheckID" Pname="" disable="false" info="">
[14:43:13.469]          <block atomic="false" info="">
[14:43:13.469]            __var pidr1 = 0;
[14:43:13.469]              // -> [pidr1 <= 0x00000000]
[14:43:13.469]            __var pidr2 = 0;
[14:43:13.469]              // -> [pidr2 <= 0x00000000]
[14:43:13.469]            __var jep106id = 0;
[14:43:13.469]              // -> [jep106id <= 0x00000000]
[14:43:13.469]            __var ROMTableBase = 0;
[14:43:13.469]              // -> [ROMTableBase <= 0x00000000]
[14:43:13.469]            __ap = 0;      // AHB-AP
[14:43:13.469]              // -> [__ap <= 0x00000000]
[14:43:13.469]            ROMTableBase = ReadAP(0xF8) & ~0x3;
[14:43:13.470]              // -> [ReadAP(0x000000F8) => 0xE00FF003]   (__dp=0x00000000, __ap=0x00000000)
[14:43:13.470]              // -> [ROMTableBase <= 0xE00FF000]
[14:43:13.470]            pidr1 = Read32(ROMTableBase + 0x0FE4);
[14:43:13.471]              // -> [Read32(0xE00FFFE4) => 0x00000004]   (__dp=0x00000000, __ap=0x00000000)
[14:43:13.471]              // -> [pidr1 <= 0x00000004]
[14:43:13.471]            pidr2 = Read32(ROMTableBase + 0x0FE8);
[14:43:13.471]              // -> [Read32(0xE00FFFE8) => 0x0000000A]   (__dp=0x00000000, __ap=0x00000000)
[14:43:13.471]              // -> [pidr2 <= 0x0000000A]
[14:43:13.471]            jep106id = ((pidr2 & 0x7) << 4 ) | ((pidr1 >> 4) & 0xF);
[14:43:13.472]              // -> [jep106id <= 0x00000020]
[14:43:13.472]          </block>
[14:43:13.472]          <control if="jep106id != 0x20" while="" timeout="0" info="">
[14:43:13.472]            // if-block "jep106id != 0x20"
[14:43:13.472]              // =>  FALSE
[14:43:13.472]            // skip if-block "jep106id != 0x20"
[14:43:13.472]          </control>
[14:43:13.472]        </sequence>
[14:43:13.472]    </block>
[14:43:13.472]  </sequence>
[14:43:13.472]  
[14:43:13.487]  **********  Sequence "DebugCoreStart"  (Context="Target Access", Pname="", info="")
[14:43:13.487]  
[14:43:13.487]  <debugvars>
[14:43:13.488]    // Pre-defined
[14:43:13.488]    __protocol=0x00010002      (Protocol="SWD", SWJ-DP="True")
[14:43:13.488]    __connection=0x00000102    (Connection Type="Flash", Reset Type="Hardware Reset")
[14:43:13.488]    __dp=0x00000000
[14:43:13.488]    __ap=0x00000000
[14:43:13.488]    __traceout=0x00000000      (Trace Disabled)
[14:43:13.488]    __errorcontrol=0x00000000  (Skip Errors="False")
[14:43:13.488]    __FlashAddr=0x00000000
[14:43:13.488]    __FlashLen=0x00000000
[14:43:13.488]    __FlashArg=0x00000000
[14:43:13.488]    __FlashOp=0x00000000
[14:43:13.488]    __Result=0x00000000
[14:43:13.488]    
[14:43:13.488]    // User-defined
[14:43:13.488]    DbgMCU_CR=0x00000007
[14:43:13.489]    DbgMCU_APB1_Fz=0x00000000
[14:43:13.489]    DbgMCU_APB2_Fz=0x00000000
[14:43:13.489]    TraceClk_Pin=0x00040002
[14:43:13.489]    TraceD0_Pin=0x00040003
[14:43:13.489]    TraceD1_Pin=0x00040004
[14:43:13.489]    TraceD2_Pin=0x00040005
[14:43:13.489]    TraceD3_Pin=0x00040006
[14:43:13.489]  </debugvars>
[14:43:13.489]  
[14:43:13.489]  <sequence name="DebugCoreStart" Pname="" disable="false" info="">
[14:43:13.489]    <block atomic="false" info="">
[14:43:13.489]      Write32(0xE000EDF0, 0xA05F0001);                                        // Enable Core Debug via DHCSR
[14:43:13.490]        // -> [Write32(0xE000EDF0, 0xA05F0001)]   (__dp=0x00000000, __ap=0x00000000)
[14:43:13.490]      Write32(0xE0042004, DbgMCU_CR);                                         // DBGMCU_CR: Configure MCU Debug
[14:43:13.491]        // -> [Write32(0xE0042004, 0x00000007)]   (__dp=0x00000000, __ap=0x00000000)
[14:43:13.491]      Write32(0xE0042008, DbgMCU_APB1_Fz);                                    // DBGMCU_APB1_FZ: Configure APB1 Peripheral Freeze Behavior
[14:43:13.491]        // -> [Write32(0xE0042008, 0x00000000)]   (__dp=0x00000000, __ap=0x00000000)
[14:43:13.491]      Write32(0xE004200C, DbgMCU_APB2_Fz);                                    // DBGMCU_APB1_FZ: Configure APB2 Peripheral Freeze Behavior
[14:43:13.492]        // -> [Write32(0xE004200C, 0x00000000)]   (__dp=0x00000000, __ap=0x00000000)
[14:43:13.492]    </block>
[14:43:13.492]  </sequence>
[14:43:13.492]  
[14:43:28.215]  **********  Sequence "DebugDeviceUnlock"  (Context="Connect", Pname="", info="")
[14:43:28.215]  
[14:43:28.215]  <debugvars>
[14:43:28.215]    // Pre-defined
[14:43:28.215]    __protocol=0x00010002      (Protocol="SWD", SWJ-DP="True")
[14:43:28.215]    __connection=0x00000102    (Connection Type="Flash", Reset Type="Hardware Reset")
[14:43:28.215]    __dp=0x00000000
[14:43:28.215]    __ap=0x00000000
[14:43:28.215]    __traceout=0x00000000      (Trace Disabled)
[14:43:28.216]    __errorcontrol=0x00000000  (Skip Errors="False")
[14:43:28.216]    __FlashAddr=0x00000000
[14:43:28.216]    __FlashLen=0x00000000
[14:43:28.216]    __FlashArg=0x00000000
[14:43:28.216]    __FlashOp=0x00000000
[14:43:28.216]    __Result=0x00000000
[14:43:28.216]    
[14:43:28.216]    // User-defined
[14:43:28.216]    DbgMCU_CR=0x00000007
[14:43:28.216]    DbgMCU_APB1_Fz=0x00000000
[14:43:28.216]    DbgMCU_APB2_Fz=0x00000000
[14:43:28.216]    TraceClk_Pin=0x00040002
[14:43:28.216]    TraceD0_Pin=0x00040003
[14:43:28.216]    TraceD1_Pin=0x00040004
[14:43:28.216]    TraceD2_Pin=0x00040005
[14:43:28.216]    TraceD3_Pin=0x00040006
[14:43:28.217]  </debugvars>
[14:43:28.217]  
[14:43:28.217]  <sequence name="DebugDeviceUnlock" Pname="" disable="false" info="">
[14:43:28.217]    <block atomic="false" info="">
[14:43:28.217]      Sequence("CheckID");
[14:43:28.217]        <sequence name="CheckID" Pname="" disable="false" info="">
[14:43:28.217]          <block atomic="false" info="">
[14:43:28.217]            __var pidr1 = 0;
[14:43:28.217]              // -> [pidr1 <= 0x00000000]
[14:43:28.217]            __var pidr2 = 0;
[14:43:28.217]              // -> [pidr2 <= 0x00000000]
[14:43:28.217]            __var jep106id = 0;
[14:43:28.217]              // -> [jep106id <= 0x00000000]
[14:43:28.217]            __var ROMTableBase = 0;
[14:43:28.217]              // -> [ROMTableBase <= 0x00000000]
[14:43:28.218]            __ap = 0;      // AHB-AP
[14:43:28.218]              // -> [__ap <= 0x00000000]
[14:43:28.218]            ROMTableBase = ReadAP(0xF8) & ~0x3;
[14:43:28.218]              // -> [ReadAP(0x000000F8) => 0xE00FF003]   (__dp=0x00000000, __ap=0x00000000)
[14:43:28.218]              // -> [ROMTableBase <= 0xE00FF000]
[14:43:28.218]            pidr1 = Read32(ROMTableBase + 0x0FE4);
[14:43:28.219]              // -> [Read32(0xE00FFFE4) => 0x00000004]   (__dp=0x00000000, __ap=0x00000000)
[14:43:28.219]              // -> [pidr1 <= 0x00000004]
[14:43:28.219]            pidr2 = Read32(ROMTableBase + 0x0FE8);
[14:43:28.220]              // -> [Read32(0xE00FFFE8) => 0x0000000A]   (__dp=0x00000000, __ap=0x00000000)
[14:43:28.220]              // -> [pidr2 <= 0x0000000A]
[14:43:28.220]            jep106id = ((pidr2 & 0x7) << 4 ) | ((pidr1 >> 4) & 0xF);
[14:43:28.220]              // -> [jep106id <= 0x00000020]
[14:43:28.220]          </block>
[14:43:28.220]          <control if="jep106id != 0x20" while="" timeout="0" info="">
[14:43:28.220]            // if-block "jep106id != 0x20"
[14:43:28.220]              // =>  FALSE
[14:43:28.220]            // skip if-block "jep106id != 0x20"
[14:43:28.220]          </control>
[14:43:28.220]        </sequence>
[14:43:28.221]    </block>
[14:43:28.221]  </sequence>
[14:43:28.221]  
[14:43:28.235]  **********  Sequence "DebugCoreStart"  (Context="Target Access", Pname="", info="")
[14:43:28.235]  
[14:43:28.235]  <debugvars>
[14:43:28.235]    // Pre-defined
[14:43:28.235]    __protocol=0x00010002      (Protocol="SWD", SWJ-DP="True")
[14:43:28.235]    __connection=0x00000102    (Connection Type="Flash", Reset Type="Hardware Reset")
[14:43:28.235]    __dp=0x00000000
[14:43:28.235]    __ap=0x00000000
[14:43:28.235]    __traceout=0x00000000      (Trace Disabled)
[14:43:28.235]    __errorcontrol=0x00000000  (Skip Errors="False")
[14:43:28.235]    __FlashAddr=0x00000000
[14:43:28.236]    __FlashLen=0x00000000
[14:43:28.236]    __FlashArg=0x00000000
[14:43:28.236]    __FlashOp=0x00000000
[14:43:28.236]    __Result=0x00000000
[14:43:28.236]    
[14:43:28.236]    // User-defined
[14:43:28.236]    DbgMCU_CR=0x00000007
[14:43:28.236]    DbgMCU_APB1_Fz=0x00000000
[14:43:28.236]    DbgMCU_APB2_Fz=0x00000000
[14:43:28.236]    TraceClk_Pin=0x00040002
[14:43:28.236]    TraceD0_Pin=0x00040003
[14:43:28.236]    TraceD1_Pin=0x00040004
[14:43:28.236]    TraceD2_Pin=0x00040005
[14:43:28.236]    TraceD3_Pin=0x00040006
[14:43:28.236]  </debugvars>
[14:43:28.236]  
[14:43:28.237]  <sequence name="DebugCoreStart" Pname="" disable="false" info="">
[14:43:28.237]    <block atomic="false" info="">
[14:43:28.237]      Write32(0xE000EDF0, 0xA05F0001);                                        // Enable Core Debug via DHCSR
[14:43:28.237]        // -> [Write32(0xE000EDF0, 0xA05F0001)]   (__dp=0x00000000, __ap=0x00000000)
[14:43:28.237]      Write32(0xE0042004, DbgMCU_CR);                                         // DBGMCU_CR: Configure MCU Debug
[14:43:28.238]        // -> [Write32(0xE0042004, 0x00000007)]   (__dp=0x00000000, __ap=0x00000000)
[14:43:28.238]      Write32(0xE0042008, DbgMCU_APB1_Fz);                                    // DBGMCU_APB1_FZ: Configure APB1 Peripheral Freeze Behavior
[14:43:28.239]        // -> [Write32(0xE0042008, 0x00000000)]   (__dp=0x00000000, __ap=0x00000000)
[14:43:28.239]      Write32(0xE004200C, DbgMCU_APB2_Fz);                                    // DBGMCU_APB1_FZ: Configure APB2 Peripheral Freeze Behavior
[14:43:28.240]        // -> [Write32(0xE004200C, 0x00000000)]   (__dp=0x00000000, __ap=0x00000000)
[14:43:28.240]    </block>
[14:43:28.240]  </sequence>
[14:43:28.240]  
