/*
 *  CMSIS Pack Debug Access Sequence Log
 *  File        : C:\Users\ische\Desktop\STM32F4_Template\Src_template\Project\STM32F4_Sequences_0014.log
 *  Created     : 08:09:59 (14/07/2023)
 *  Device      : STM32F407ZG
 *  PDSC File   : C:\Users\ische\AppData\Local\Arm\Packs\Keil\STM32F4xx_DFP\2.17.0\Keil.STM32F4xx_DFP.pdsc
 *  Config File : C:\Users\ische\Desktop\STM32F4_Template\Src_template\Project\DebugConfig\STM32F4_STM32F407ZG.dbgconf
 *
 */

[08:09:59.386]  **********  Sequence "DebugDeviceUnlock"  (Context="Connect", Pname="", info="")
[08:09:59.386]  
[08:09:59.386]  <debugvars>
[08:09:59.386]    // Pre-defined
[08:09:59.386]    __protocol=0x00010002      (Protocol="SWD", SWJ-DP="True")
[08:09:59.386]    __connection=0x00000202    (Connection Type="Flash", Reset Type="System Reset")
[08:09:59.386]    __dp=0x00000000
[08:09:59.386]    __ap=0x00000000
[08:09:59.386]    __traceout=0x00000000      (Trace Disabled)
[08:09:59.386]    __errorcontrol=0x00000000  (Skip Errors="False")
[08:09:59.386]    __FlashAddr=0x00000000
[08:09:59.386]    __FlashLen=0x00000000
[08:09:59.386]    __FlashArg=0x00000000
[08:09:59.386]    __FlashOp=0x00000000
[08:09:59.386]    __Result=0x00000000
[08:09:59.386]    
[08:09:59.386]    // User-defined
[08:09:59.386]    DbgMCU_CR=0x00000007
[08:09:59.386]    DbgMCU_APB1_Fz=0x00000000
[08:09:59.386]    DbgMCU_APB2_Fz=0x00000000
[08:09:59.386]    TraceClk_Pin=0x00040002
[08:09:59.386]    TraceD0_Pin=0x00040003
[08:09:59.386]    TraceD1_Pin=0x00040004
[08:09:59.386]    TraceD2_Pin=0x00040005
[08:09:59.386]    TraceD3_Pin=0x00040006
[08:09:59.386]  </debugvars>
[08:09:59.386]  
[08:09:59.386]  <sequence name="DebugDeviceUnlock" Pname="" disable="false" info="">
[08:09:59.386]    <block atomic="false" info="">
[08:09:59.386]      Sequence("CheckID");
[08:09:59.386]        <sequence name="CheckID" Pname="" disable="false" info="">
[08:09:59.386]          <block atomic="false" info="">
[08:09:59.386]            __var pidr1 = 0;
[08:09:59.386]              // -> [pidr1 <= 0x00000000]
[08:09:59.386]            __var pidr2 = 0;
[08:09:59.386]              // -> [pidr2 <= 0x00000000]
[08:09:59.386]            __var jep106id = 0;
[08:09:59.386]              // -> [jep106id <= 0x00000000]
[08:09:59.386]            __var ROMTableBase = 0;
[08:09:59.386]              // -> [ROMTableBase <= 0x00000000]
[08:09:59.386]            __ap = 0;      // AHB-AP
[08:09:59.386]              // -> [__ap <= 0x00000000]
[08:09:59.386]            ROMTableBase = ReadAP(0xF8) & ~0x3;
[08:09:59.386]              // -> [ReadAP(0x000000F8) => 0xE00FF003]   (__dp=0x00000000, __ap=0x00000000)
[08:09:59.386]              // -> [ROMTableBase <= 0xE00FF000]
[08:09:59.386]            pidr1 = Read32(ROMTableBase + 0x0FE4);
[08:09:59.402]              // -> [Read32(0xE00FFFE4) => 0x00000004]   (__dp=0x00000000, __ap=0x00000000)
[08:09:59.402]              // -> [pidr1 <= 0x00000004]
[08:09:59.402]            pidr2 = Read32(ROMTableBase + 0x0FE8);
[08:09:59.402]              // -> [Read32(0xE00FFFE8) => 0x0000000A]   (__dp=0x00000000, __ap=0x00000000)
[08:09:59.402]              // -> [pidr2 <= 0x0000000A]
[08:09:59.402]            jep106id = ((pidr2 & 0x7) << 4 ) | ((pidr1 >> 4) & 0xF);
[08:09:59.402]              // -> [jep106id <= 0x00000020]
[08:09:59.402]          </block>
[08:09:59.402]          <control if="jep106id != 0x20" while="" timeout="0" info="">
[08:09:59.402]            // if-block "jep106id != 0x20"
[08:09:59.402]              // =>  FALSE
[08:09:59.402]            // skip if-block "jep106id != 0x20"
[08:09:59.402]          </control>
[08:09:59.402]        </sequence>
[08:09:59.402]    </block>
[08:09:59.402]  </sequence>
[08:09:59.402]  
[08:09:59.543]  **********  Sequence "DebugCoreStart"  (Context="Target Access", Pname="", info="")
[08:09:59.543]  
[08:09:59.543]  <debugvars>
[08:09:59.543]    // Pre-defined
[08:09:59.543]    __protocol=0x00010002      (Protocol="SWD", SWJ-DP="True")
[08:09:59.543]    __connection=0x00000202    (Connection Type="Flash", Reset Type="System Reset")
[08:09:59.543]    __dp=0x00000000
[08:09:59.543]    __ap=0x00000000
[08:09:59.543]    __traceout=0x00000000      (Trace Disabled)
[08:09:59.543]    __errorcontrol=0x00000000  (Skip Errors="False")
[08:09:59.543]    __FlashAddr=0x00000000
[08:09:59.543]    __FlashLen=0x00000000
[08:09:59.543]    __FlashArg=0x00000000
[08:09:59.543]    __FlashOp=0x00000000
[08:09:59.543]    __Result=0x00000000
[08:09:59.543]    
[08:09:59.543]    // User-defined
[08:09:59.543]    DbgMCU_CR=0x00000007
[08:09:59.543]    DbgMCU_APB1_Fz=0x00000000
[08:09:59.543]    DbgMCU_APB2_Fz=0x00000000
[08:09:59.543]    TraceClk_Pin=0x00040002
[08:09:59.543]    TraceD0_Pin=0x00040003
[08:09:59.543]    TraceD1_Pin=0x00040004
[08:09:59.543]    TraceD2_Pin=0x00040005
[08:09:59.543]    TraceD3_Pin=0x00040006
[08:09:59.543]  </debugvars>
[08:09:59.543]  
[08:09:59.543]  <sequence name="DebugCoreStart" Pname="" disable="false" info="">
[08:09:59.543]    <block atomic="false" info="">
[08:09:59.543]      Write32(0xE000EDF0, 0xA05F0001);                                        // Enable Core Debug via DHCSR
[08:09:59.559]        // -> [Write32(0xE000EDF0, 0xA05F0001)]   (__dp=0x00000000, __ap=0x00000000)
[08:09:59.559]      Write32(0xE0042004, DbgMCU_CR);                                         // DBGMCU_CR: Configure MCU Debug
[08:09:59.559]        // -> [Write32(0xE0042004, 0x00000007)]   (__dp=0x00000000, __ap=0x00000000)
[08:09:59.559]      Write32(0xE0042008, DbgMCU_APB1_Fz);                                    // DBGMCU_APB1_FZ: Configure APB1 Peripheral Freeze Behavior
[08:09:59.574]        // -> [Write32(0xE0042008, 0x00000000)]   (__dp=0x00000000, __ap=0x00000000)
[08:09:59.574]      Write32(0xE004200C, DbgMCU_APB2_Fz);                                    // DBGMCU_APB1_FZ: Configure APB2 Peripheral Freeze Behavior
[08:09:59.574]        // -> [Write32(0xE004200C, 0x00000000)]   (__dp=0x00000000, __ap=0x00000000)
[08:09:59.574]    </block>
[08:09:59.574]  </sequence>
[08:09:59.574]  
[08:14:28.405]  **********  Sequence "DebugDeviceUnlock"  (Context="Connect", Pname="", info="")
[08:14:28.405]  
[08:14:28.405]  <debugvars>
[08:14:28.405]    // Pre-defined
[08:14:28.405]    __protocol=0x00010002      (Protocol="SWD", SWJ-DP="True")
[08:14:28.405]    __connection=0x00000202    (Connection Type="Flash", Reset Type="System Reset")
[08:14:28.405]    __dp=0x00000000
[08:14:28.405]    __ap=0x00000000
[08:14:28.405]    __traceout=0x00000000      (Trace Disabled)
[08:14:28.405]    __errorcontrol=0x00000000  (Skip Errors="False")
[08:14:28.405]    __FlashAddr=0x00000000
[08:14:28.405]    __FlashLen=0x00000000
[08:14:28.405]    __FlashArg=0x00000000
[08:14:28.405]    __FlashOp=0x00000000
[08:14:28.405]    __Result=0x00000000
[08:14:28.405]    
[08:14:28.405]    // User-defined
[08:14:28.405]    DbgMCU_CR=0x00000007
[08:14:28.405]    DbgMCU_APB1_Fz=0x00000000
[08:14:28.405]    DbgMCU_APB2_Fz=0x00000000
[08:14:28.405]    TraceClk_Pin=0x00040002
[08:14:28.405]    TraceD0_Pin=0x00040003
[08:14:28.405]    TraceD1_Pin=0x00040004
[08:14:28.405]    TraceD2_Pin=0x00040005
[08:14:28.405]    TraceD3_Pin=0x00040006
[08:14:28.405]  </debugvars>
[08:14:28.405]  
[08:14:28.405]  <sequence name="DebugDeviceUnlock" Pname="" disable="false" info="">
[08:14:28.405]    <block atomic="false" info="">
[08:14:28.405]      Sequence("CheckID");
[08:14:28.405]        <sequence name="CheckID" Pname="" disable="false" info="">
[08:14:28.410]          <block atomic="false" info="">
[08:14:28.410]            __var pidr1 = 0;
[08:14:28.410]              // -> [pidr1 <= 0x00000000]
[08:14:28.410]            __var pidr2 = 0;
[08:14:28.410]              // -> [pidr2 <= 0x00000000]
[08:14:28.410]            __var jep106id = 0;
[08:14:28.410]              // -> [jep106id <= 0x00000000]
[08:14:28.410]            __var ROMTableBase = 0;
[08:14:28.410]              // -> [ROMTableBase <= 0x00000000]
[08:14:28.410]            __ap = 0;      // AHB-AP
[08:14:28.410]              // -> [__ap <= 0x00000000]
[08:14:28.410]            ROMTableBase = ReadAP(0xF8) & ~0x3;
[08:14:28.415]              // -> [ReadAP(0x000000F8) => 0xE00FF003]   (__dp=0x00000000, __ap=0x00000000)
[08:14:28.415]              // -> [ROMTableBase <= 0xE00FF000]
[08:14:28.415]            pidr1 = Read32(ROMTableBase + 0x0FE4);
[08:14:28.425]              // -> [Read32(0xE00FFFE4) => 0x00000004]   (__dp=0x00000000, __ap=0x00000000)
[08:14:28.425]              // -> [pidr1 <= 0x00000004]
[08:14:28.425]            pidr2 = Read32(ROMTableBase + 0x0FE8);
[08:14:28.426]              // -> [Read32(0xE00FFFE8) => 0x0000000A]   (__dp=0x00000000, __ap=0x00000000)
[08:14:28.426]              // -> [pidr2 <= 0x0000000A]
[08:14:28.426]            jep106id = ((pidr2 & 0x7) << 4 ) | ((pidr1 >> 4) & 0xF);
[08:14:28.426]              // -> [jep106id <= 0x00000020]
[08:14:28.426]          </block>
[08:14:28.426]          <control if="jep106id != 0x20" while="" timeout="0" info="">
[08:14:28.426]            // if-block "jep106id != 0x20"
[08:14:28.426]              // =>  FALSE
[08:14:28.426]            // skip if-block "jep106id != 0x20"
[08:14:28.426]          </control>
[08:14:28.426]        </sequence>
[08:14:28.426]    </block>
[08:14:28.426]  </sequence>
[08:14:28.426]  
[08:14:28.568]  **********  Sequence "DebugCoreStart"  (Context="Target Access", Pname="", info="")
[08:14:28.568]  
[08:14:28.568]  <debugvars>
[08:14:28.568]    // Pre-defined
[08:14:28.568]    __protocol=0x00010002      (Protocol="SWD", SWJ-DP="True")
[08:14:28.568]    __connection=0x00000202    (Connection Type="Flash", Reset Type="System Reset")
[08:14:28.568]    __dp=0x00000000
[08:14:28.568]    __ap=0x00000000
[08:14:28.568]    __traceout=0x00000000      (Trace Disabled)
[08:14:28.568]    __errorcontrol=0x00000000  (Skip Errors="False")
[08:14:28.568]    __FlashAddr=0x00000000
[08:14:28.568]    __FlashLen=0x00000000
[08:14:28.568]    __FlashArg=0x00000000
[08:14:28.568]    __FlashOp=0x00000000
[08:14:28.568]    __Result=0x00000000
[08:14:28.568]    
[08:14:28.568]    // User-defined
[08:14:28.568]    DbgMCU_CR=0x00000007
[08:14:28.568]    DbgMCU_APB1_Fz=0x00000000
[08:14:28.568]    DbgMCU_APB2_Fz=0x00000000
[08:14:28.568]    TraceClk_Pin=0x00040002
[08:14:28.568]    TraceD0_Pin=0x00040003
[08:14:28.568]    TraceD1_Pin=0x00040004
[08:14:28.568]    TraceD2_Pin=0x00040005
[08:14:28.568]    TraceD3_Pin=0x00040006
[08:14:28.568]  </debugvars>
[08:14:28.568]  
[08:14:28.568]  <sequence name="DebugCoreStart" Pname="" disable="false" info="">
[08:14:28.568]    <block atomic="false" info="">
[08:14:28.568]      Write32(0xE000EDF0, 0xA05F0001);                                        // Enable Core Debug via DHCSR
[08:14:28.568]        // -> [Write32(0xE000EDF0, 0xA05F0001)]   (__dp=0x00000000, __ap=0x00000000)
[08:14:28.568]      Write32(0xE0042004, DbgMCU_CR);                                         // DBGMCU_CR: Configure MCU Debug
[08:14:28.583]        // -> [Write32(0xE0042004, 0x00000007)]   (__dp=0x00000000, __ap=0x00000000)
[08:14:28.583]      Write32(0xE0042008, DbgMCU_APB1_Fz);                                    // DBGMCU_APB1_FZ: Configure APB1 Peripheral Freeze Behavior
[08:14:28.583]        // -> [Write32(0xE0042008, 0x00000000)]   (__dp=0x00000000, __ap=0x00000000)
[08:14:28.583]      Write32(0xE004200C, DbgMCU_APB2_Fz);                                    // DBGMCU_APB1_FZ: Configure APB2 Peripheral Freeze Behavior
[08:14:28.583]        // -> [Write32(0xE004200C, 0x00000000)]   (__dp=0x00000000, __ap=0x00000000)
[08:14:28.583]    </block>
[08:14:28.583]  </sequence>
[08:14:28.583]  
[08:23:36.329]  **********  Sequence "DebugDeviceUnlock"  (Context="Connect", Pname="", info="")
[08:23:36.329]  
[08:23:36.329]  <debugvars>
[08:23:36.329]    // Pre-defined
[08:23:36.329]    __protocol=0x00010002      (Protocol="SWD", SWJ-DP="True")
[08:23:36.329]    __connection=0x00000202    (Connection Type="Flash", Reset Type="System Reset")
[08:23:36.329]    __dp=0x00000000
[08:23:36.329]    __ap=0x00000000
[08:23:36.329]    __traceout=0x00000000      (Trace Disabled)
[08:23:36.329]    __errorcontrol=0x00000000  (Skip Errors="False")
[08:23:36.329]    __FlashAddr=0x00000000
[08:23:36.329]    __FlashLen=0x00000000
[08:23:36.329]    __FlashArg=0x00000000
[08:23:36.329]    __FlashOp=0x00000000
[08:23:36.329]    __Result=0x00000000
[08:23:36.329]    
[08:23:36.329]    // User-defined
[08:23:36.329]    DbgMCU_CR=0x00000007
[08:23:36.329]    DbgMCU_APB1_Fz=0x00000000
[08:23:36.329]    DbgMCU_APB2_Fz=0x00000000
[08:23:36.329]    TraceClk_Pin=0x00040002
[08:23:36.329]    TraceD0_Pin=0x00040003
[08:23:36.329]    TraceD1_Pin=0x00040004
[08:23:36.329]    TraceD2_Pin=0x00040005
[08:23:36.329]    TraceD3_Pin=0x00040006
[08:23:36.329]  </debugvars>
[08:23:36.329]  
[08:23:36.329]  <sequence name="DebugDeviceUnlock" Pname="" disable="false" info="">
[08:23:36.329]    <block atomic="false" info="">
[08:23:36.329]      Sequence("CheckID");
[08:23:36.329]        <sequence name="CheckID" Pname="" disable="false" info="">
[08:23:36.329]          <block atomic="false" info="">
[08:23:36.329]            __var pidr1 = 0;
[08:23:36.329]              // -> [pidr1 <= 0x00000000]
[08:23:36.329]            __var pidr2 = 0;
[08:23:36.329]              // -> [pidr2 <= 0x00000000]
[08:23:36.329]            __var jep106id = 0;
[08:23:36.329]              // -> [jep106id <= 0x00000000]
[08:23:36.329]            __var ROMTableBase = 0;
[08:23:36.329]              // -> [ROMTableBase <= 0x00000000]
[08:23:36.329]            __ap = 0;      // AHB-AP
[08:23:36.329]              // -> [__ap <= 0x00000000]
[08:23:36.339]            ROMTableBase = ReadAP(0xF8) & ~0x3;
[08:23:36.340]              // -> [ReadAP(0x000000F8) => 0xE00FF003]   (__dp=0x00000000, __ap=0x00000000)
[08:23:36.340]              // -> [ROMTableBase <= 0xE00FF000]
[08:23:36.340]            pidr1 = Read32(ROMTableBase + 0x0FE4);
[08:23:36.349]              // -> [Read32(0xE00FFFE4) => 0x00000004]   (__dp=0x00000000, __ap=0x00000000)
[08:23:36.349]              // -> [pidr1 <= 0x00000004]
[08:23:36.349]            pidr2 = Read32(ROMTableBase + 0x0FE8);
[08:23:36.356]              // -> [Read32(0xE00FFFE8) => 0x0000000A]   (__dp=0x00000000, __ap=0x00000000)
[08:23:36.356]              // -> [pidr2 <= 0x0000000A]
[08:23:36.356]            jep106id = ((pidr2 & 0x7) << 4 ) | ((pidr1 >> 4) & 0xF);
[08:23:36.356]              // -> [jep106id <= 0x00000020]
[08:23:36.356]          </block>
[08:23:36.356]          <control if="jep106id != 0x20" while="" timeout="0" info="">
[08:23:36.356]            // if-block "jep106id != 0x20"
[08:23:36.359]              // =>  FALSE
[08:23:36.359]            // skip if-block "jep106id != 0x20"
[08:23:36.359]          </control>
[08:23:36.359]        </sequence>
[08:23:36.359]    </block>
[08:23:36.359]  </sequence>
[08:23:36.359]  
[08:23:36.489]  **********  Sequence "DebugCoreStart"  (Context="Target Access", Pname="", info="")
[08:23:36.489]  
[08:23:36.489]  <debugvars>
[08:23:36.489]    // Pre-defined
[08:23:36.489]    __protocol=0x00010002      (Protocol="SWD", SWJ-DP="True")
[08:23:36.489]    __connection=0x00000202    (Connection Type="Flash", Reset Type="System Reset")
[08:23:36.489]    __dp=0x00000000
[08:23:36.489]    __ap=0x00000000
[08:23:36.489]    __traceout=0x00000000      (Trace Disabled)
[08:23:36.489]    __errorcontrol=0x00000000  (Skip Errors="False")
[08:23:36.489]    __FlashAddr=0x00000000
[08:23:36.489]    __FlashLen=0x00000000
[08:23:36.489]    __FlashArg=0x00000000
[08:23:36.489]    __FlashOp=0x00000000
[08:23:36.489]    __Result=0x00000000
[08:23:36.489]    
[08:23:36.489]    // User-defined
[08:23:36.489]    DbgMCU_CR=0x00000007
[08:23:36.489]    DbgMCU_APB1_Fz=0x00000000
[08:23:36.489]    DbgMCU_APB2_Fz=0x00000000
[08:23:36.489]    TraceClk_Pin=0x00040002
[08:23:36.489]    TraceD0_Pin=0x00040003
[08:23:36.489]    TraceD1_Pin=0x00040004
[08:23:36.489]    TraceD2_Pin=0x00040005
[08:23:36.489]    TraceD3_Pin=0x00040006
[08:23:36.489]  </debugvars>
[08:23:36.489]  
[08:23:36.489]  <sequence name="DebugCoreStart" Pname="" disable="false" info="">
[08:23:36.489]    <block atomic="false" info="">
[08:23:36.489]      Write32(0xE000EDF0, 0xA05F0001);                                        // Enable Core Debug via DHCSR
[08:23:36.500]        // -> [Write32(0xE000EDF0, 0xA05F0001)]   (__dp=0x00000000, __ap=0x00000000)
[08:23:36.500]      Write32(0xE0042004, DbgMCU_CR);                                         // DBGMCU_CR: Configure MCU Debug
[08:23:36.508]        // -> [Write32(0xE0042004, 0x00000007)]   (__dp=0x00000000, __ap=0x00000000)
[08:23:36.508]      Write32(0xE0042008, DbgMCU_APB1_Fz);                                    // DBGMCU_APB1_FZ: Configure APB1 Peripheral Freeze Behavior
[08:23:36.508]        // -> [Write32(0xE0042008, 0x00000000)]   (__dp=0x00000000, __ap=0x00000000)
[08:23:36.508]      Write32(0xE004200C, DbgMCU_APB2_Fz);                                    // DBGMCU_APB1_FZ: Configure APB2 Peripheral Freeze Behavior
[08:23:36.518]        // -> [Write32(0xE004200C, 0x00000000)]   (__dp=0x00000000, __ap=0x00000000)
[08:23:36.518]    </block>
[08:23:36.518]  </sequence>
[08:23:36.518]  
